-------------------------------------------------------------------------------
Test set: com.bestbuy.bestbuyinfo.CreateStoreDataDrivenTest
-------------------------------------------------------------------------------
Tests run: 1, Failures: 0, Errors: 1, Skipped: 0, Time elapsed: 0.001 sec <<< FAILURE! - in com.bestbuy.bestbuyinfo.CreateStoreDataDrivenTest
createMultipleProducts(com.bestbuy.bestbuyinfo.CreateStoreDataDrivenTest)  Time elapsed: 0 sec  <<< ERROR!
java.lang.NullPointerException: null
	at com.bestbuy.bestbuyinfo.CreateStoreDataDrivenTest.createMultipleProducts(CreateStoreDataDrivenTest.java:34)

