<?xml version="1.0" encoding="UTF-8"?>
<testsuite name="com.bestbuy.bestbuyinfo.CreateProductDataDrivenTest" time="95.511" tests="20" errors="0" skipped="0" failures="20">
  <properties>
[...]
</properties>
  <testcase name="createMultipleProducts[15]" classname="com.bestbuy.bestbuyinfo.CreateProductDataDrivenTest" time="5.959">
    <failure message="1 expectation failed.&#10;Expected status code &lt;201&gt; but was &lt;404&gt;.&#10;" type="java.lang.AssertionError"><![CDATA[java.lang.AssertionError: 1 expectation failed.
Expected status code <201> but was <404>.

	at sun.reflect.NativeConstructorAccessorImpl.newInstance0(Native Method)
	at sun.reflect.NativeConstructorAccessorImpl.newInstance(NativeConstructorAccessorImpl.java:62)
	at sun.reflect.DelegatingConstructorAccessorImpl.newInstance(DelegatingConstructorAccessorImpl.java:45)
	at java.lang.reflect.Constructor.newInstance(Constructor.java:423)
	at org.codehaus.groovy.reflection.CachedConstructor.invoke(CachedConstructor.java:83)
	at org.codehaus.groovy.reflection.CachedConstructor.doConstructorInvoke(CachedConstructor.java:77)
	at org.codehaus.groovy.runtime.callsite.ConstructorSite$ConstructorSiteNoUnwrap.callConstructor(ConstructorSite.java:84)
	at org.codehaus.groovy.runtime.callsite.CallSiteArray.defaultCallConstructor(CallSiteArray.java:60)
	at org.codehaus.groovy.runtime.callsite.AbstractCallSite.callConstructor(AbstractCallSite.java:235)
	at org.codehaus.groovy.runtime.callsite.AbstractCallSite.callConstructor(AbstractCallSite.java:247)
	at io.restassured.internal.ResponseSpecificationImpl$HamcrestAssertionClosure.validate(ResponseSpecificationImpl.groovy:471)
	at io.restassured.internal.ResponseSpecificationImpl$HamcrestAssertionClosure$validate$15.call(Unknown Source)
	at io.restassured.internal.ResponseSpecificationImpl.validateResponseIfRequired(ResponseSpecificationImpl.groovy:636)
	at sun.reflect.NativeMethodAccessorImpl.invoke0(Native Method)
	at sun.reflect.NativeMethodAccessorImpl.invoke(NativeMethodAccessorImpl.java:62)
	at sun.reflect.DelegatingMethodAccessorImpl.invoke(DelegatingMethodAccessorImpl.java:43)
	at java.lang.reflect.Method.invoke(Method.java:498)
	at org.codehaus.groovy.runtime.callsite.PogoMetaMethodSite$PogoCachedMethodSiteNoUnwrapNoCoerce.invoke(PogoMetaMethodSite.java:210)
	at org.codehaus.groovy.runtime.callsite.PogoMetaMethodSite.callCurrent(PogoMetaMethodSite.java:59)
	at org.codehaus.groovy.runtime.callsite.AbstractCallSite.callCurrent(AbstractCallSite.java:166)
	at org.codehaus.groovy.runtime.callsite.AbstractCallSite.callCurrent(AbstractCallSite.java:164)
	at io.restassured.internal.ResponseSpecificationImpl.statusCode(ResponseSpecificationImpl.groovy:122)
	at io.restassured.specification.ResponseSpecification$statusCode$10.callCurrent(Unknown Source)
	at org.codehaus.groovy.runtime.callsite.CallSiteArray.defaultCallCurrent(CallSiteArray.java:52)
	at org.codehaus.groovy.runtime.callsite.AbstractCallSite.callCurrent(AbstractCallSite.java:154)
	at org.codehaus.groovy.runtime.callsite.AbstractCallSite.callCurrent(AbstractCallSite.java:166)
	at io.restassured.internal.ResponseSpecificationImpl.statusCode(ResponseSpecificationImpl.groovy:130)
	at io.restassured.internal.ValidatableResponseOptionsImpl.statusCode(ValidatableResponseOptionsImpl.java:117)
	at com.bestbuy.bestbuyinfo.CreateProductDataDrivenTest.createMultipleProducts(CreateProductDataDrivenTest.java:35)
]]></failure>
    <system-out><![CDATA[Request method:	POST
Request URI:	http://localhost:3030/
Proxy:			<none>
Request params:	<none>
Query params:	<none>
Form params:	<none>
Path params:	<none>
Multiparts:		<none>
Headers:		Accept=*/*
				Content-Type=application/json; charset=UTF-8
Cookies:		<none>
Body:
{
    "name": "Duracell - AAA Batteries (4-Pack)",
    "type": "HardGood",
    "price": 6,
    "shipping": 27,
    "upc": "012553165141",
    "description": "Compatible with Honda and Acura vehicles; connects an aftermarket radio to your car's harness",
    "manufacturer": "Energizer",
    "model": "70-1723",
    "url": "http://www.bestbuy.com/site/metra-turbo-wire-aftermarket-radio-wire-harness-adapter-for-select-vehicles/347146.p?id=1183160746244&skuId=347146&cmp=RMXCC",
    "image": "http://img.bbystatic.com/BestBuy_US/images/products/3471/347146_rc.jpg"
}
Request method:	POST
Request URI:	http://localhost:3030/
Proxy:			<none>
Request params:	<none>
Query params:	<none>
Form params:	<none>
Path params:	<none>
Multiparts:		<none>
Headers:		Accept=*/*
				Content-Type=application/json; charset=UTF-8
Cookies:		<none>
Body:
{
    "name": "Duracell - AA Batteries (8-Pack)",
    "type": "HardGood",
    "price": 5,
    "shipping": 27,
    "upc": "012553165141",
    "description": "Compatible with Honda and Acura vehicles; connects an aftermarket radio to your car's harness",
    "manufacturer": "Metra",
    "model": "70-1723",
    "url": "http://www.bestbuy.com/site/metra-turbo-wire-aftermarket-radio-wire-harness-adapter-for-select-vehicles/347146.p?id=1183160746244&skuId=347146&cmp=RMXCC",
    "image": "http://img.bbystatic.com/BestBuy_US/images/products/3471/347146_rc.jpg"
}
Request method:	POST
Request URI:	http://localhost:3030/
Proxy:			<none>
Request params:	<none>
Query params:	<none>
Form params:	<none>
Path params:	<none>
Multiparts:		<none>
Headers:		Accept=*/*
				Content-Type=application/json; charset=UTF-8
Cookies:		<none>
Body:
{
    "name": "Duracell - AAA Batteries (4-Pack)",
    "type": "HardGood",
    "price": 7,
    "shipping": 29,
    "upc": "012562795141",
    "description": "Compatible with select 1988-2005 vehicles; adapts an aftermarket antenna to OEM radios; flat plug",
    "manufacturer": "Metra",
    "model": "70-1721",
    "url": "http://www.bestbuy.com/site/metra-turbo-wire-aftermarket-radio-wire-harness-adapter-for-select-vehicles/347146.p?id=1183160746244&skuId=347146&cmp=RMXCC",
    "image": "http://img.bbystatic.com/BestBuy_US/images/products/3471/347146_rc.jpg"
}
Request method:	POST
Request URI:	http://localhost:3030/
Proxy:			<none>
Request params:	<none>
Query params:	<none>
Form params:	<none>
Path params:	<none>
Multiparts:		<none>
Headers:		Accept=*/*
				Content-Type=application/json; charset=UTF-8
Cookies:		<none>
Body:
{
    "name": "Duracell - AAA Batteries (4-Pack)",
    "type": "HardGood",
    "price": 7,
    "shipping": 27,
    "upc": "012562795141",
    "description": "Compatible with most 1986-1998 Honda Acura vehicles; connects an aftermarket radio to a vehicle's harness",
    "manufacturer": "Metra",
    "model": "70-1720",
    "url": "http://www.bestbuy.com/site/metra-turbo-wire-aftermarket-radio-wire-harness-adapter-for-select-vehicles/347146.p?id=1183160746244&skuId=347146&cmp=RMXCC",
    "image": "http://img.bbystatic.com/BestBuy_US/images/products/3471/347146_rc.jpg"
}
Request method:	POST
Request URI:	http://localhost:3030/
Proxy:			<none>
Request params:	<none>
Query params:	<none>
Form params:	<none>
Path params:	<none>
Multiparts:		<none>
Headers:		Accept=*/*
				Content-Type=application/json; charset=UTF-8
Cookies:		<none>
Body:
{
    "name": "Duracell - AA Batteries (8-Pack)",
    "type": "HardGood",
    "price": 6,
    "shipping": 24,
    "upc": "012562165141",
    "description": "Compatible with select 1988-2005 vehicles; adapts an aftermarket antenna to OEM radios; flat plug",
    "manufacturer": "Metra",
    "model": "70-1721",
    "url": "http://www.bestbuy.com/site/metra-turbo-wire-aftermarket-radio-wire-harness-adapter-for-select-vehicles/347146.p?id=1183160746244&skuId=347146&cmp=RMXCC",
    "image": "http://img.bbystatic.com/BestBuy_US/images/products/3471/347146_rc.jpg"
}
Request method:	POST
Request URI:	http://localhost:3030/
Proxy:			<none>
Request params:	<none>
Query params:	<none>
Form params:	<none>
Path params:	<none>
Multiparts:		<none>
Headers:		Accept=*/*
				Content-Type=application/json; charset=UTF-8
Cookies:		<none>
Body:
{
    "name": "Duracell - AA 1.5V Copper-Top Batteries (4-Pack)",
    "type": "HardGood",
    "price": 7,
    "shipping": 29,
    "upc": "012553165141",
    "description": "Compatible with select 1988-2005 vehicles; adapts an aftermarket antenna to OEM radios; flat plug",
    "manufacturer": "Metra",
    "model": "70-1721",
    "url": "http://www.bestbuy.com/site/metra-turbo-wire-aftermarket-radio-wire-harness-adapter-for-select-vehicles/347146.p?id=1183160746244&skuId=347146&cmp=RMXCC",
    "image": "http://img.bbystatic.com/BestBuy_US/images/products/3471/347146_rc.jpg"
}
Request method:	POST
Request URI:	http://localhost:3030/
Proxy:			<none>
Request params:	<none>
Query params:	<none>
Form params:	<none>
Path params:	<none>
Multiparts:		<none>
Headers:		Accept=*/*
				Content-Type=application/json; charset=UTF-8
Cookies:		<none>
Body:
{
    "name": "Duracell - AA 1.5V Copper-Top Batteries (4-Pack)",
    "type": "HardGood",
    "price": 6,
    "shipping": 29,
    "upc": "012562795141",
    "description": "Compatible with Honda and Acura vehicles; connects an aftermarket radio to your car's harness",
    "manufacturer": "Energizer",
    "model": "70-1720",
    "url": "http://www.bestbuy.com/site/metra-turbo-wire-aftermarket-radio-wire-harness-adapter-for-select-vehicles/347146.p?id=1183160746244&skuId=347146&cmp=RMXCC",
    "image": "http://img.bbystatic.com/BestBuy_US/images/products/3471/347146_rc.jpg"
}
Request method:	POST
Request URI:	http://localhost:3030/
Proxy:			<none>
Request params:	<none>
Query params:	<none>
Form params:	<none>
Path params:	<none>
Multiparts:		<none>
Headers:		Accept=*/*
				Content-Type=application/json; charset=UTF-8
Cookies:		<none>
Body:
{
    "name": "Duracell - AA 1.5V Copper-Top Batteries (4-Pack)",
    "type": "HardGood",
    "price": 7,
    "shipping": 24,
    "upc": "012562165141",
    "description": "Compatible with select 1988-2005 vehicles; adapts an aftermarket antenna to OEM radios; flat plug",
    "manufacturer": "Metra",
    "model": "70-1721",
    "url": "http://www.bestbuy.com/site/metra-turbo-wire-aftermarket-radio-wire-harness-adapter-for-select-vehicles/347146.p?id=1183160746244&skuId=347146&cmp=RMXCC",
    "image": "http://img.bbystatic.com/BestBuy_US/images/products/3471/347146_rc.jpg"
}
Request method:	POST
Request URI:	http://localhost:3030/
Proxy:			<none>
Request params:	<none>
Query params:	<none>
Form params:	<none>
Path params:	<none>
Multiparts:		<none>
Headers:		Accept=*/*
				Content-Type=application/json; charset=UTF-8
Cookies:		<none>
Body:
{
    "name": "Duracell - AA 1.5V Copper-Top Batteries (4-Pack)",
    "type": "HardGood",
    "price": 7,
    "shipping": 24,
    "upc": "012562795141",
    "description": "Compatible with most 1986-1998 Honda Acura vehicles; connects an aftermarket radio to a vehicle's harness",
    "manufacturer": "Energizer",
    "model": "70-1723",
    "url": "http://www.bestbuy.com/site/metra-turbo-wire-aftermarket-radio-wire-harness-adapter-for-select-vehicles/347146.p?id=1183160746244&skuId=347146&cmp=RMXCC",
    "image": "http://img.bbystatic.com/BestBuy_US/images/products/3471/347146_rc.jpg"
}
Request method:	POST
Request URI:	http://localhost:3030/
Proxy:			<none>
Request params:	<none>
Query params:	<none>
Form params:	<none>
Path params:	<none>
Multiparts:		<none>
Headers:		Accept=*/*
				Content-Type=application/json; charset=UTF-8
Cookies:		<none>
Body:
{
    "name": "Duracell - AA Batteries (8-Pack)",
    "type": "HardGood",
    "price": 5,
    "shipping": 29,
    "upc": "012553165141",
    "description": "Compatible with Honda and Acura vehicles; connects an aftermarket radio to your car's harness",
    "manufacturer": "Energizer",
    "model": "70-1723",
    "url": "http://www.bestbuy.com/site/metra-turbo-wire-aftermarket-radio-wire-harness-adapter-for-select-vehicles/347146.p?id=1183160746244&skuId=347146&cmp=RMXCC",
    "image": "http://img.bbystatic.com/BestBuy_US/images/products/3471/347146_rc.jpg"
}
Request method:	POST
Request URI:	http://localhost:3030/
Proxy:			<none>
Request params:	<none>
Query params:	<none>
Form params:	<none>
Path params:	<none>
Multiparts:		<none>
Headers:		Accept=*/*
				Content-Type=application/json; charset=UTF-8
Cookies:		<none>
Body:
{
    "name": "Duracell - AAA Batteries (4-Pack)",
    "type": "HardGood",
    "price": 5,
    "shipping": 29,
    "upc": "012562165141",
    "description": "Compatible with most 1986-1998 Honda Acura vehicles; connects an aftermarket radio to a vehicle's harness",
    "manufacturer": "Metra",
    "model": "70-1721",
    "url": "http://www.bestbuy.com/site/metra-turbo-wire-aftermarket-radio-wire-harness-adapter-for-select-vehicles/347146.p?id=1183160746244&skuId=347146&cmp=RMXCC",
    "image": "http://img.bbystatic.com/BestBuy_US/images/products/3471/347146_rc.jpg"
}
Request method:	POST
Request URI:	http://localhost:3030/
Proxy:			<none>
Request params:	<none>
Query params:	<none>
Form params:	<none>
Path params:	<none>
Multiparts:		<none>
Headers:		Accept=*/*
				Content-Type=application/json; charset=UTF-8
Cookies:		<none>
Body:
{
    "name": "Duracell - AAA Batteries (4-Pack)",
    "type": "HardGood",
    "price": 5,
    "shipping": 29,
    "upc": "012562165141",
    "description": "Compatible with most 1986-1998 Honda Acura vehicles; connects an aftermarket radio to a vehicle's harness",
    "manufacturer": "Energizer",
    "model": "70-1720",
    "url": "http://www.bestbuy.com/site/metra-turbo-wire-aftermarket-radio-wire-harness-adapter-for-select-vehicles/347146.p?id=1183160746244&skuId=347146&cmp=RMXCC",
    "image": "http://img.bbystatic.com/BestBuy_US/images/products/3471/347146_rc.jpg"
}
Request method:	POST
Request URI:	http://localhost:3030/
Proxy:			<none>
Request params:	<none>
Query params:	<none>
Form params:	<none>
Path params:	<none>
Multiparts:		<none>
Headers:		Accept=*/*
				Content-Type=application/json; charset=UTF-8
Cookies:		<none>
Body:
{
    "name": "Duracell - AAA Batteries (4-Pack)",
    "type": "HardGood",
    "price": 5,
    "shipping": 27,
    "upc": "012553165141",
    "description": "Compatible with select 1988-2005 vehicles; adapts an aftermarket antenna to OEM radios; flat plug",
    "manufacturer": "Metra",
    "model": "70-1721",
    "url": "http://www.bestbuy.com/site/metra-turbo-wire-aftermarket-radio-wire-harness-adapter-for-select-vehicles/347146.p?id=1183160746244&skuId=347146&cmp=RMXCC",
    "image": "http://img.bbystatic.com/BestBuy_US/images/products/3471/347146_rc.jpg"
}
Request method:	POST
Request URI:	http://localhost:3030/
Proxy:			<none>
Request params:	<none>
Query params:	<none>
Form params:	<none>
Path params:	<none>
Multiparts:		<none>
Headers:		Accept=*/*
				Content-Type=application/json; charset=UTF-8
Cookies:		<none>
Body:
{
    "name": "Duracell - AAA Batteries (4-Pack)",
    "type": "HardGood",
    "price": 5,
    "shipping": 24,
    "upc": "012562795141",
    "description": "Compatible with Honda and Acura vehicles; connects an aftermarket radio to your car's harness",
    "manufacturer": "Energizer",
    "model": "70-1720",
    "url": "http://www.bestbuy.com/site/metra-turbo-wire-aftermarket-radio-wire-harness-adapter-for-select-vehicles/347146.p?id=1183160746244&skuId=347146&cmp=RMXCC",
    "image": "http://img.bbystatic.com/BestBuy_US/images/products/3471/347146_rc.jpg"
}
Request method:	POST
Request URI:	http://localhost:3030/
Proxy:			<none>
Request params:	<none>
Query params:	<none>
Form params:	<none>
Path params:	<none>
Multiparts:		<none>
Headers:		Accept=*/*
				Content-Type=application/json; charset=UTF-8
Cookies:		<none>
Body:
{
    "name": "Duracell - AA 1.5V Copper-Top Batteries (4-Pack)",
    "type": "HardGood",
    "price": 7,
    "shipping": 27,
    "upc": "012562165141",
    "description": "Compatible with Honda and Acura vehicles; connects an aftermarket radio to your car's harness",
    "manufacturer": "Metra",
    "model": "70-1720",
    "url": "http://www.bestbuy.com/site/metra-turbo-wire-aftermarket-radio-wire-harness-adapter-for-select-vehicles/347146.p?id=1183160746244&skuId=347146&cmp=RMXCC",
    "image": "http://img.bbystatic.com/BestBuy_US/images/products/3471/347146_rc.jpg"
}
Request method:	POST
Request URI:	http://localhost:3030/
Proxy:			<none>
Request params:	<none>
Query params:	<none>
Form params:	<none>
Path params:	<none>
Multiparts:		<none>
Headers:		Accept=*/*
				Content-Type=application/json; charset=UTF-8
Cookies:		<none>
Body:
{
    "name": "Duracell - AA 1.5V Copper-Top Batteries (4-Pack)",
    "type": "HardGood",
    "price": 7,
    "shipping": 27,
    "upc": "012553165141",
    "description": "Compatible with Honda and Acura vehicles; connects an aftermarket radio to your car's harness",
    "manufacturer": "Metra",
    "model": "70-1721",
    "url": "http://www.bestbuy.com/site/metra-turbo-wire-aftermarket-radio-wire-harness-adapter-for-select-vehicles/347146.p?id=1183160746244&skuId=347146&cmp=RMXCC",
    "image": "http://img.bbystatic.com/BestBuy_US/images/products/3471/347146_rc.jpg"
}
]]></system-out>
    <system-err><![CDATA[1602 [CreateProductDataDrivenTest-2-thread-11] INFO net.serenitybdd.core.Serenity - 

-------------------------------------------------------------------------------------
     _______. _______ .______       _______ .__   __.  __  .___________.____    ____ 
    /       ||   ____||   _  \     |   ____||  \ |  | |  | |           |\   \  /   / 
   |   (----`|  |__   |  |_)  |    |  |__   |   \|  | |  | `---|  |----` \   \/   /  
    \   \    |   __|  |      /     |   __|  |  . `  | |  |     |  |       \_    _/   
.----)   |   |  |____ |  |\  \----.|  |____ |  |\   | |  |     |  |         |  |     
|_______/    |_______|| _| `._____||_______||__| \__| |__|     |__|         |__|    
-------------------------------------------------------------------------------------

1751 [CreateProductDataDrivenTest-2-thread-12] INFO net.serenitybdd.core.Serenity - Test Suite Started: Create product data driven test
1887 [CreateProductDataDrivenTest-2-thread-12] INFO net.serenitybdd.core.Serenity - 
 _____ _____ ____ _____   ____ _____  _    ____ _____ _____ ____  
|_   _| ____/ ___|_   _| / ___|_   _|/ \  |  _ \_   _| ____|  _ \ 
  | | |  _| \___ \ | |   \___ \ | | / _ \ | |_) || | |  _| | | | |
  | | | |___ ___) || |    ___) || |/ ___ \|  _ < | | | |___| |_| |
  |_| |_____|____/ |_|   |____/ |_/_/   \_\_| \_\|_| |_____|____/ 
                                                                  

TEST STARTED: createMultipleProducts[11]
-------------------------------------------------------------------
1888 [CreateProductDataDrivenTest-2-thread-12] INFO net.serenitybdd.core.Serenity - TEST NUMBER: 1
1891 [CreateProductDataDrivenTest-2-thread-8] INFO net.serenitybdd.core.Serenity - Test Suite Started: Create product data driven test
1893 [CreateProductDataDrivenTest-2-thread-8] INFO net.serenitybdd.core.Serenity - 
 _____ _____ ____ _____   ____ _____  _    ____ _____ _____ ____  
|_   _| ____/ ___|_   _| / ___|_   _|/ \  |  _ \_   _| ____|  _ \ 
  | | |  _| \___ \ | |   \___ \ | | / _ \ | |_) || | |  _| | | | |
  | | | |___ ___) || |    ___) || |/ ___ \|  _ < | | | |___| |_| |
  |_| |_____|____/ |_|   |____/ |_/_/   \_\_| \_\|_| |_____|____/ 
                                                                  

TEST STARTED: createMultipleProducts[7]
-------------------------------------------------------------------
1893 [CreateProductDataDrivenTest-2-thread-8] INFO net.serenitybdd.core.Serenity - TEST NUMBER: 2
1896 [CreateProductDataDrivenTest-2-thread-6] INFO net.serenitybdd.core.Serenity - Test Suite Started: Create product data driven test
1896 [CreateProductDataDrivenTest-2-thread-6] INFO net.serenitybdd.core.Serenity - 
 _____ _____ ____ _____   ____ _____  _    ____ _____ _____ ____  
|_   _| ____/ ___|_   _| / ___|_   _|/ \  |  _ \_   _| ____|  _ \ 
  | | |  _| \___ \ | |   \___ \ | | / _ \ | |_) || | |  _| | | | |
  | | | |___ ___) || |    ___) || |/ ___ \|  _ < | | | |___| |_| |
  |_| |_____|____/ |_|   |____/ |_/_/   \_\_| \_\|_| |_____|____/ 
                                                                  

TEST STARTED: createMultipleProducts[5]
-------------------------------------------------------------------
1896 [CreateProductDataDrivenTest-2-thread-6] INFO net.serenitybdd.core.Serenity - TEST NUMBER: 3
1898 [CreateProductDataDrivenTest-2-thread-3] INFO net.serenitybdd.core.Serenity - Test Suite Started: Create product data driven test
1900 [CreateProductDataDrivenTest-2-thread-3] INFO net.serenitybdd.core.Serenity - 
 _____ _____ ____ _____   ____ _____  _    ____ _____ _____ ____  
|_   _| ____/ ___|_   _| / ___|_   _|/ \  |  _ \_   _| ____|  _ \ 
  | | |  _| \___ \ | |   \___ \ | | / _ \ | |_) || | |  _| | | | |
  | | | |___ ___) || |    ___) || |/ ___ \|  _ < | | | |___| |_| |
  |_| |_____|____/ |_|   |____/ |_/_/   \_\_| \_\|_| |_____|____/ 
                                                                  

TEST STARTED: createMultipleProducts[2]
-------------------------------------------------------------------
1901 [CreateProductDataDrivenTest-2-thread-3] INFO net.serenitybdd.core.Serenity - TEST NUMBER: 4
1902 [CreateProductDataDrivenTest-2-thread-1] INFO net.serenitybdd.core.Serenity - Test Suite Started: Create product data driven test
1903 [CreateProductDataDrivenTest-2-thread-1] INFO net.serenitybdd.core.Serenity - 
 _____ _____ ____ _____   ____ _____  _    ____ _____ _____ ____  
|_   _| ____/ ___|_   _| / ___|_   _|/ \  |  _ \_   _| ____|  _ \ 
  | | |  _| \___ \ | |   \___ \ | | / _ \ | |_) || | |  _| | | | |
  | | | |___ ___) || |    ___) || |/ ___ \|  _ < | | | |___| |_| |
  |_| |_____|____/ |_|   |____/ |_/_/   \_\_| \_\|_| |_____|____/ 
                                                                  

TEST STARTED: createMultipleProducts[0]
-------------------------------------------------------------------
1904 [CreateProductDataDrivenTest-2-thread-1] INFO net.serenitybdd.core.Serenity - TEST NUMBER: 5
1906 [CreateProductDataDrivenTest-2-thread-13] INFO net.serenitybdd.core.Serenity - Test Suite Started: Create product data driven test
1907 [CreateProductDataDrivenTest-2-thread-13] INFO net.serenitybdd.core.Serenity - 
 _____ _____ ____ _____   ____ _____  _    ____ _____ _____ ____  
|_   _| ____/ ___|_   _| / ___|_   _|/ \  |  _ \_   _| ____|  _ \ 
  | | |  _| \___ \ | |   \___ \ | | / _ \ | |_) || | |  _| | | | |
  | | | |___ ___) || |    ___) || |/ ___ \|  _ < | | | |___| |_| |
  |_| |_____|____/ |_|   |____/ |_/_/   \_\_| \_\|_| |_____|____/ 
                                                                  

TEST STARTED: createMultipleProducts[12]
-------------------------------------------------------------------
1907 [CreateProductDataDrivenTest-2-thread-13] INFO net.serenitybdd.core.Serenity - TEST NUMBER: 6
1911 [CreateProductDataDrivenTest-2-thread-14] INFO net.serenitybdd.core.Serenity - Test Suite Started: Create product data driven test
1912 [CreateProductDataDrivenTest-2-thread-14] INFO net.serenitybdd.core.Serenity - 
 _____ _____ ____ _____   ____ _____  _    ____ _____ _____ ____  
|_   _| ____/ ___|_   _| / ___|_   _|/ \  |  _ \_   _| ____|  _ \ 
  | | |  _| \___ \ | |   \___ \ | | / _ \ | |_) || | |  _| | | | |
  | | | |___ ___) || |    ___) || |/ ___ \|  _ < | | | |___| |_| |
  |_| |_____|____/ |_|   |____/ |_/_/   \_\_| \_\|_| |_____|____/ 
                                                                  

TEST STARTED: createMultipleProducts[13]
-------------------------------------------------------------------
1913 [CreateProductDataDrivenTest-2-thread-14] INFO net.serenitybdd.core.Serenity - TEST NUMBER: 7
1915 [CreateProductDataDrivenTest-2-thread-5] INFO net.serenitybdd.core.Serenity - Test Suite Started: Create product data driven test
1917 [CreateProductDataDrivenTest-2-thread-5] INFO net.serenitybdd.core.Serenity - 
 _____ _____ ____ _____   ____ _____  _    ____ _____ _____ ____  
|_   _| ____/ ___|_   _| / ___|_   _|/ \  |  _ \_   _| ____|  _ \ 
  | | |  _| \___ \ | |   \___ \ | | / _ \ | |_) || | |  _| | | | |
  | | | |___ ___) || |    ___) || |/ ___ \|  _ < | | | |___| |_| |
  |_| |_____|____/ |_|   |____/ |_/_/   \_\_| \_\|_| |_____|____/ 
                                                                  

TEST STARTED: createMultipleProducts[4]
-------------------------------------------------------------------
1919 [CreateProductDataDrivenTest-2-thread-5] INFO net.serenitybdd.core.Serenity - TEST NUMBER: 8
1921 [CreateProductDataDrivenTest-2-thread-4] INFO net.serenitybdd.core.Serenity - Test Suite Started: Create product data driven test
1922 [CreateProductDataDrivenTest-2-thread-4] INFO net.serenitybdd.core.Serenity - 
 _____ _____ ____ _____   ____ _____  _    ____ _____ _____ ____  
|_   _| ____/ ___|_   _| / ___|_   _|/ \  |  _ \_   _| ____|  _ \ 
  | | |  _| \___ \ | |   \___ \ | | / _ \ | |_) || | |  _| | | | |
  | | | |___ ___) || |    ___) || |/ ___ \|  _ < | | | |___| |_| |
  |_| |_____|____/ |_|   |____/ |_/_/   \_\_| \_\|_| |_____|____/ 
                                                                  

TEST STARTED: createMultipleProducts[3]
-------------------------------------------------------------------
1924 [CreateProductDataDrivenTest-2-thread-4] INFO net.serenitybdd.core.Serenity - TEST NUMBER: 9
1926 [CreateProductDataDrivenTest-2-thread-10] INFO net.serenitybdd.core.Serenity - Test Suite Started: Create product data driven test
1928 [CreateProductDataDrivenTest-2-thread-10] INFO net.serenitybdd.core.Serenity - 
 _____ _____ ____ _____   ____ _____  _    ____ _____ _____ ____  
|_   _| ____/ ___|_   _| / ___|_   _|/ \  |  _ \_   _| ____|  _ \ 
  | | |  _| \___ \ | |   \___ \ | | / _ \ | |_) || | |  _| | | | |
  | | | |___ ___) || |    ___) || |/ ___ \|  _ < | | | |___| |_| |
  |_| |_____|____/ |_|   |____/ |_/_/   \_\_| \_\|_| |_____|____/ 
                                                                  

TEST STARTED: createMultipleProducts[9]
-------------------------------------------------------------------
1928 [CreateProductDataDrivenTest-2-thread-10] INFO net.serenitybdd.core.Serenity - TEST NUMBER: 10
1929 [CreateProductDataDrivenTest-2-thread-7] INFO net.serenitybdd.core.Serenity - Test Suite Started: Create product data driven test
1930 [CreateProductDataDrivenTest-2-thread-7] INFO net.serenitybdd.core.Serenity - 
 _____ _____ ____ _____   ____ _____  _    ____ _____ _____ ____  
|_   _| ____/ ___|_   _| / ___|_   _|/ \  |  _ \_   _| ____|  _ \ 
  | | |  _| \___ \ | |   \___ \ | | / _ \ | |_) || | |  _| | | | |
  | | | |___ ___) || |    ___) || |/ ___ \|  _ < | | | |___| |_| |
  |_| |_____|____/ |_|   |____/ |_/_/   \_\_| \_\|_| |_____|____/ 
                                                                  

TEST STARTED: createMultipleProducts[6]
-------------------------------------------------------------------
1930 [CreateProductDataDrivenTest-2-thread-7] INFO net.serenitybdd.core.Serenity - TEST NUMBER: 11
1931 [CreateProductDataDrivenTest-2-thread-2] INFO net.serenitybdd.core.Serenity - Test Suite Started: Create product data driven test
1932 [CreateProductDataDrivenTest-2-thread-2] INFO net.serenitybdd.core.Serenity - 
 _____ _____ ____ _____   ____ _____  _    ____ _____ _____ ____  
|_   _| ____/ ___|_   _| / ___|_   _|/ \  |  _ \_   _| ____|  _ \ 
  | | |  _| \___ \ | |   \___ \ | | / _ \ | |_) || | |  _| | | | |
  | | | |___ ___) || |    ___) || |/ ___ \|  _ < | | | |___| |_| |
  |_| |_____|____/ |_|   |____/ |_/_/   \_\_| \_\|_| |_____|____/ 
                                                                  

TEST STARTED: createMultipleProducts[1]
-------------------------------------------------------------------
1932 [CreateProductDataDrivenTest-2-thread-2] INFO net.serenitybdd.core.Serenity - TEST NUMBER: 12
1934 [CreateProductDataDrivenTest-2-thread-9] INFO net.serenitybdd.core.Serenity - Test Suite Started: Create product data driven test
1935 [CreateProductDataDrivenTest-2-thread-9] INFO net.serenitybdd.core.Serenity - 
 _____ _____ ____ _____   ____ _____  _    ____ _____ _____ ____  
|_   _| ____/ ___|_   _| / ___|_   _|/ \  |  _ \_   _| ____|  _ \ 
  | | |  _| \___ \ | |   \___ \ | | / _ \ | |_) || | |  _| | | | |
  | | | |___ ___) || |    ___) || |/ ___ \|  _ < | | | |___| |_| |
  |_| |_____|____/ |_|   |____/ |_/_/   \_\_| \_\|_| |_____|____/ 
                                                                  

TEST STARTED: createMultipleProducts[8]
-------------------------------------------------------------------
1935 [CreateProductDataDrivenTest-2-thread-9] INFO net.serenitybdd.core.Serenity - TEST NUMBER: 13
1937 [CreateProductDataDrivenTest-2-thread-11] INFO net.serenitybdd.core.Serenity - Test Suite Started: Create product data driven test
1939 [CreateProductDataDrivenTest-2-thread-11] INFO net.serenitybdd.core.Serenity - 
 _____ _____ ____ _____   ____ _____  _    ____ _____ _____ ____  
|_   _| ____/ ___|_   _| / ___|_   _|/ \  |  _ \_   _| ____|  _ \ 
  | | |  _| \___ \ | |   \___ \ | | / _ \ | |_) || | |  _| | | | |
  | | | |___ ___) || |    ___) || |/ ___ \|  _ < | | | |___| |_| |
  |_| |_____|____/ |_|   |____/ |_/_/   \_\_| \_\|_| |_____|____/ 
                                                                  

TEST STARTED: createMultipleProducts[10]
-------------------------------------------------------------------
1940 [CreateProductDataDrivenTest-2-thread-11] INFO net.serenitybdd.core.Serenity - TEST NUMBER: 14
1941 [CreateProductDataDrivenTest-2-thread-16] INFO net.serenitybdd.core.Serenity - Test Suite Started: Create product data driven test
1943 [CreateProductDataDrivenTest-2-thread-16] INFO net.serenitybdd.core.Serenity - 
 _____ _____ ____ _____   ____ _____  _    ____ _____ _____ ____  
|_   _| ____/ ___|_   _| / ___|_   _|/ \  |  _ \_   _| ____|  _ \ 
  | | |  _| \___ \ | |   \___ \ | | / _ \ | |_) || | |  _| | | | |
  | | | |___ ___) || |    ___) || |/ ___ \|  _ < | | | |___| |_| |
  |_| |_____|____/ |_|   |____/ |_/_/   \_\_| \_\|_| |_____|____/ 
                                                                  

TEST STARTED: createMultipleProducts[15]
-------------------------------------------------------------------
1943 [CreateProductDataDrivenTest-2-thread-16] INFO net.serenitybdd.core.Serenity - TEST NUMBER: 15
1945 [CreateProductDataDrivenTest-2-thread-15] INFO net.serenitybdd.core.Serenity - Test Suite Started: Create product data driven test
1946 [CreateProductDataDrivenTest-2-thread-15] INFO net.serenitybdd.core.Serenity - 
 _____ _____ ____ _____   ____ _____  _    ____ _____ _____ ____  
|_   _| ____/ ___|_   _| / ___|_   _|/ \  |  _ \_   _| ____|  _ \ 
  | | |  _| \___ \ | |   \___ \ | | / _ \ | |_) || | |  _| | | | |
  | | | |___ ___) || |    ___) || |/ ___ \|  _ < | | | |___| |_| |
  |_| |_____|____/ |_|   |____/ |_/_/   \_\_| \_\|_| |_____|____/ 
                                                                  

TEST STARTED: createMultipleProducts[14]
-------------------------------------------------------------------
1946 [CreateProductDataDrivenTest-2-thread-15] INFO net.serenitybdd.core.Serenity - TEST NUMBER: 16
]]></system-err>
  </testcase>
  <testcase name="createMultipleProducts[3]" classname="com.bestbuy.bestbuyinfo.CreateProductDataDrivenTest" time="5.961">
    <failure message="1 expectation failed.&#10;Expected status code &lt;201&gt; but was &lt;404&gt;.&#10;" type="java.lang.AssertionError"><![CDATA[java.lang.AssertionError: 1 expectation failed.
Expected status code <201> but was <404>.

	at sun.reflect.NativeConstructorAccessorImpl.newInstance0(Native Method)
	at sun.reflect.NativeConstructorAccessorImpl.newInstance(NativeConstructorAccessorImpl.java:62)
	at sun.reflect.DelegatingConstructorAccessorImpl.newInstance(DelegatingConstructorAccessorImpl.java:45)
	at java.lang.reflect.Constructor.newInstance(Constructor.java:423)
	at org.codehaus.groovy.reflection.CachedConstructor.invoke(CachedConstructor.java:83)
	at org.codehaus.groovy.reflection.CachedConstructor.doConstructorInvoke(CachedConstructor.java:77)
	at org.codehaus.groovy.runtime.callsite.ConstructorSite$ConstructorSiteNoUnwrap.callConstructor(ConstructorSite.java:84)
	at org.codehaus.groovy.runtime.callsite.CallSiteArray.defaultCallConstructor(CallSiteArray.java:60)
	at org.codehaus.groovy.runtime.callsite.AbstractCallSite.callConstructor(AbstractCallSite.java:235)
	at org.codehaus.groovy.runtime.callsite.AbstractCallSite.callConstructor(AbstractCallSite.java:247)
	at io.restassured.internal.ResponseSpecificationImpl$HamcrestAssertionClosure.validate(ResponseSpecificationImpl.groovy:471)
	at io.restassured.internal.ResponseSpecificationImpl$HamcrestAssertionClosure$validate$15.call(Unknown Source)
	at io.restassured.internal.ResponseSpecificationImpl.validateResponseIfRequired(ResponseSpecificationImpl.groovy:636)
	at sun.reflect.NativeMethodAccessorImpl.invoke0(Native Method)
	at sun.reflect.NativeMethodAccessorImpl.invoke(NativeMethodAccessorImpl.java:62)
	at sun.reflect.DelegatingMethodAccessorImpl.invoke(DelegatingMethodAccessorImpl.java:43)
	at java.lang.reflect.Method.invoke(Method.java:498)
	at org.codehaus.groovy.runtime.callsite.PogoMetaMethodSite$PogoCachedMethodSiteNoUnwrapNoCoerce.invoke(PogoMetaMethodSite.java:210)
	at org.codehaus.groovy.runtime.callsite.PogoMetaMethodSite.callCurrent(PogoMetaMethodSite.java:59)
	at org.codehaus.groovy.runtime.callsite.CallSiteArray.defaultCallCurrent(CallSiteArray.java:52)
	at org.codehaus.groovy.runtime.callsite.AbstractCallSite.callCurrent(AbstractCallSite.java:154)
	at org.codehaus.groovy.runtime.callsite.AbstractCallSite.callCurrent(AbstractCallSite.java:166)
	at io.restassured.internal.ResponseSpecificationImpl.statusCode(ResponseSpecificationImpl.groovy:122)
	at io.restassured.specification.ResponseSpecification$statusCode$14.callCurrent(Unknown Source)
	at org.codehaus.groovy.runtime.callsite.CallSiteArray.defaultCallCurrent(CallSiteArray.java:52)
	at org.codehaus.groovy.runtime.callsite.AbstractCallSite.callCurrent(AbstractCallSite.java:154)
	at org.codehaus.groovy.runtime.callsite.AbstractCallSite.callCurrent(AbstractCallSite.java:166)
	at io.restassured.internal.ResponseSpecificationImpl.statusCode(ResponseSpecificationImpl.groovy:130)
	at io.restassured.internal.ValidatableResponseOptionsImpl.statusCode(ValidatableResponseOptionsImpl.java:117)
	at com.bestbuy.bestbuyinfo.CreateProductDataDrivenTest.createMultipleProducts(CreateProductDataDrivenTest.java:35)
]]></failure>
  </testcase>
  <testcase name="createMultipleProducts[7]" classname="com.bestbuy.bestbuyinfo.CreateProductDataDrivenTest" time="5.961">
    <failure message="1 expectation failed.&#10;Expected status code &lt;201&gt; but was &lt;404&gt;.&#10;" type="java.lang.AssertionError"><![CDATA[java.lang.AssertionError: 1 expectation failed.
Expected status code <201> but was <404>.

	at sun.reflect.NativeConstructorAccessorImpl.newInstance0(Native Method)
	at sun.reflect.NativeConstructorAccessorImpl.newInstance(NativeConstructorAccessorImpl.java:62)
	at sun.reflect.DelegatingConstructorAccessorImpl.newInstance(DelegatingConstructorAccessorImpl.java:45)
	at java.lang.reflect.Constructor.newInstance(Constructor.java:423)
	at org.codehaus.groovy.reflection.CachedConstructor.invoke(CachedConstructor.java:83)
	at org.codehaus.groovy.reflection.CachedConstructor.doConstructorInvoke(CachedConstructor.java:77)
	at org.codehaus.groovy.runtime.callsite.ConstructorSite$ConstructorSiteNoUnwrap.callConstructor(ConstructorSite.java:84)
	at org.codehaus.groovy.runtime.callsite.CallSiteArray.defaultCallConstructor(CallSiteArray.java:60)
	at org.codehaus.groovy.runtime.callsite.AbstractCallSite.callConstructor(AbstractCallSite.java:235)
	at org.codehaus.groovy.runtime.callsite.AbstractCallSite.callConstructor(AbstractCallSite.java:247)
	at io.restassured.internal.ResponseSpecificationImpl$HamcrestAssertionClosure.validate(ResponseSpecificationImpl.groovy:471)
	at io.restassured.internal.ResponseSpecificationImpl$HamcrestAssertionClosure$validate$15.call(Unknown Source)
	at io.restassured.internal.ResponseSpecificationImpl.validateResponseIfRequired(ResponseSpecificationImpl.groovy:636)
	at sun.reflect.NativeMethodAccessorImpl.invoke0(Native Method)
	at sun.reflect.NativeMethodAccessorImpl.invoke(NativeMethodAccessorImpl.java:62)
	at sun.reflect.DelegatingMethodAccessorImpl.invoke(DelegatingMethodAccessorImpl.java:43)
	at java.lang.reflect.Method.invoke(Method.java:498)
	at org.codehaus.groovy.runtime.callsite.PogoMetaMethodSite$PogoCachedMethodSiteNoUnwrapNoCoerce.invoke(PogoMetaMethodSite.java:210)
	at org.codehaus.groovy.runtime.callsite.PogoMetaMethodSite.callCurrent(PogoMetaMethodSite.java:59)
	at org.codehaus.groovy.runtime.callsite.AbstractCallSite.callCurrent(AbstractCallSite.java:166)
	at org.codehaus.groovy.runtime.callsite.AbstractCallSite.callCurrent(AbstractCallSite.java:164)
	at io.restassured.internal.ResponseSpecificationImpl.statusCode(ResponseSpecificationImpl.groovy:122)
	at io.restassured.specification.ResponseSpecification$statusCode$18.callCurrent(Unknown Source)
	at org.codehaus.groovy.runtime.callsite.CallSiteArray.defaultCallCurrent(CallSiteArray.java:52)
	at org.codehaus.groovy.runtime.callsite.AbstractCallSite.callCurrent(AbstractCallSite.java:154)
	at org.codehaus.groovy.runtime.callsite.AbstractCallSite.callCurrent(AbstractCallSite.java:166)
	at io.restassured.internal.ResponseSpecificationImpl.statusCode(ResponseSpecificationImpl.groovy:130)
	at io.restassured.internal.ValidatableResponseOptionsImpl.statusCode(ValidatableResponseOptionsImpl.java:117)
	at com.bestbuy.bestbuyinfo.CreateProductDataDrivenTest.createMultipleProducts(CreateProductDataDrivenTest.java:35)
]]></failure>
  </testcase>
  <testcase name="createMultipleProducts[0]" classname="com.bestbuy.bestbuyinfo.CreateProductDataDrivenTest" time="5.961">
    <failure message="1 expectation failed.&#10;Expected status code &lt;201&gt; but was &lt;404&gt;.&#10;" type="java.lang.AssertionError"><![CDATA[java.lang.AssertionError: 1 expectation failed.
Expected status code <201> but was <404>.

	at sun.reflect.NativeConstructorAccessorImpl.newInstance0(Native Method)
	at sun.reflect.NativeConstructorAccessorImpl.newInstance(NativeConstructorAccessorImpl.java:62)
	at sun.reflect.DelegatingConstructorAccessorImpl.newInstance(DelegatingConstructorAccessorImpl.java:45)
	at java.lang.reflect.Constructor.newInstance(Constructor.java:423)
	at org.codehaus.groovy.reflection.CachedConstructor.invoke(CachedConstructor.java:83)
	at org.codehaus.groovy.reflection.CachedConstructor.doConstructorInvoke(CachedConstructor.java:77)
	at org.codehaus.groovy.runtime.callsite.ConstructorSite$ConstructorSiteNoUnwrap.callConstructor(ConstructorSite.java:84)
	at org.codehaus.groovy.runtime.callsite.CallSiteArray.defaultCallConstructor(CallSiteArray.java:60)
	at org.codehaus.groovy.runtime.callsite.AbstractCallSite.callConstructor(AbstractCallSite.java:235)
	at org.codehaus.groovy.runtime.callsite.AbstractCallSite.callConstructor(AbstractCallSite.java:247)
	at io.restassured.internal.ResponseSpecificationImpl$HamcrestAssertionClosure.validate(ResponseSpecificationImpl.groovy:471)
	at io.restassured.internal.ResponseSpecificationImpl$HamcrestAssertionClosure$validate$15.call(Unknown Source)
	at io.restassured.internal.ResponseSpecificationImpl.validateResponseIfRequired(ResponseSpecificationImpl.groovy:636)
	at sun.reflect.NativeMethodAccessorImpl.invoke0(Native Method)
	at sun.reflect.NativeMethodAccessorImpl.invoke(NativeMethodAccessorImpl.java:62)
	at sun.reflect.DelegatingMethodAccessorImpl.invoke(DelegatingMethodAccessorImpl.java:43)
	at java.lang.reflect.Method.invoke(Method.java:498)
	at org.codehaus.groovy.runtime.callsite.PogoMetaMethodSite$PogoCachedMethodSiteNoUnwrapNoCoerce.invoke(PogoMetaMethodSite.java:210)
	at org.codehaus.groovy.runtime.callsite.PogoMetaMethodSite.callCurrent(PogoMetaMethodSite.java:59)
	at org.codehaus.groovy.runtime.callsite.AbstractCallSite.callCurrent(AbstractCallSite.java:166)
	at org.codehaus.groovy.runtime.callsite.AbstractCallSite.callCurrent(AbstractCallSite.java:164)
	at io.restassured.internal.ResponseSpecificationImpl.statusCode(ResponseSpecificationImpl.groovy:122)
	at io.restassured.specification.ResponseSpecification$statusCode$16.callCurrent(Unknown Source)
	at org.codehaus.groovy.runtime.callsite.CallSiteArray.defaultCallCurrent(CallSiteArray.java:52)
	at org.codehaus.groovy.runtime.callsite.AbstractCallSite.callCurrent(AbstractCallSite.java:154)
	at org.codehaus.groovy.runtime.callsite.AbstractCallSite.callCurrent(AbstractCallSite.java:166)
	at io.restassured.internal.ResponseSpecificationImpl.statusCode(ResponseSpecificationImpl.groovy:130)
	at io.restassured.internal.ValidatableResponseOptionsImpl.statusCode(ValidatableResponseOptionsImpl.java:117)
	at com.bestbuy.bestbuyinfo.CreateProductDataDrivenTest.createMultipleProducts(CreateProductDataDrivenTest.java:35)
]]></failure>
  </testcase>
  <testcase name="createMultipleProducts[8]" classname="com.bestbuy.bestbuyinfo.CreateProductDataDrivenTest" time="5.962">
    <failure message="1 expectation failed.&#10;Expected status code &lt;201&gt; but was &lt;404&gt;.&#10;" type="java.lang.AssertionError"><![CDATA[java.lang.AssertionError: 1 expectation failed.
Expected status code <201> but was <404>.

	at sun.reflect.NativeConstructorAccessorImpl.newInstance0(Native Method)
	at sun.reflect.NativeConstructorAccessorImpl.newInstance(NativeConstructorAccessorImpl.java:62)
	at sun.reflect.DelegatingConstructorAccessorImpl.newInstance(DelegatingConstructorAccessorImpl.java:45)
	at java.lang.reflect.Constructor.newInstance(Constructor.java:423)
	at org.codehaus.groovy.reflection.CachedConstructor.invoke(CachedConstructor.java:83)
	at org.codehaus.groovy.reflection.CachedConstructor.doConstructorInvoke(CachedConstructor.java:77)
	at org.codehaus.groovy.runtime.callsite.ConstructorSite$ConstructorSiteNoUnwrap.callConstructor(ConstructorSite.java:84)
	at org.codehaus.groovy.runtime.callsite.CallSiteArray.defaultCallConstructor(CallSiteArray.java:60)
	at org.codehaus.groovy.runtime.callsite.AbstractCallSite.callConstructor(AbstractCallSite.java:235)
	at org.codehaus.groovy.runtime.callsite.AbstractCallSite.callConstructor(AbstractCallSite.java:247)
	at io.restassured.internal.ResponseSpecificationImpl$HamcrestAssertionClosure.validate(ResponseSpecificationImpl.groovy:471)
	at io.restassured.internal.ResponseSpecificationImpl$HamcrestAssertionClosure$validate$15.call(Unknown Source)
	at io.restassured.internal.ResponseSpecificationImpl.validateResponseIfRequired(ResponseSpecificationImpl.groovy:636)
	at sun.reflect.NativeMethodAccessorImpl.invoke0(Native Method)
	at sun.reflect.NativeMethodAccessorImpl.invoke(NativeMethodAccessorImpl.java:62)
	at sun.reflect.DelegatingMethodAccessorImpl.invoke(DelegatingMethodAccessorImpl.java:43)
	at java.lang.reflect.Method.invoke(Method.java:498)
	at org.codehaus.groovy.runtime.callsite.PogoMetaMethodSite$PogoCachedMethodSiteNoUnwrapNoCoerce.invoke(PogoMetaMethodSite.java:210)
	at org.codehaus.groovy.runtime.callsite.PogoMetaMethodSite.callCurrent(PogoMetaMethodSite.java:59)
	at org.codehaus.groovy.runtime.callsite.CallSiteArray.defaultCallCurrent(CallSiteArray.java:52)
	at org.codehaus.groovy.runtime.callsite.AbstractCallSite.callCurrent(AbstractCallSite.java:154)
	at org.codehaus.groovy.runtime.callsite.AbstractCallSite.callCurrent(AbstractCallSite.java:166)
	at io.restassured.internal.ResponseSpecificationImpl.statusCode(ResponseSpecificationImpl.groovy:122)
	at io.restassured.specification.ResponseSpecification$statusCode$6.callCurrent(Unknown Source)
	at org.codehaus.groovy.runtime.callsite.CallSiteArray.defaultCallCurrent(CallSiteArray.java:52)
	at org.codehaus.groovy.runtime.callsite.AbstractCallSite.callCurrent(AbstractCallSite.java:154)
	at org.codehaus.groovy.runtime.callsite.AbstractCallSite.callCurrent(AbstractCallSite.java:166)
	at io.restassured.internal.ResponseSpecificationImpl.statusCode(ResponseSpecificationImpl.groovy:130)
	at io.restassured.internal.ValidatableResponseOptionsImpl.statusCode(ValidatableResponseOptionsImpl.java:117)
	at com.bestbuy.bestbuyinfo.CreateProductDataDrivenTest.createMultipleProducts(CreateProductDataDrivenTest.java:35)
]]></failure>
  </testcase>
  <testcase name="createMultipleProducts[2]" classname="com.bestbuy.bestbuyinfo.CreateProductDataDrivenTest" time="5.962">
    <failure message="1 expectation failed.&#10;Expected status code &lt;201&gt; but was &lt;404&gt;.&#10;" type="java.lang.AssertionError"><![CDATA[java.lang.AssertionError: 1 expectation failed.
Expected status code <201> but was <404>.

	at sun.reflect.NativeConstructorAccessorImpl.newInstance0(Native Method)
	at sun.reflect.NativeConstructorAccessorImpl.newInstance(NativeConstructorAccessorImpl.java:62)
	at sun.reflect.DelegatingConstructorAccessorImpl.newInstance(DelegatingConstructorAccessorImpl.java:45)
	at java.lang.reflect.Constructor.newInstance(Constructor.java:423)
	at org.codehaus.groovy.reflection.CachedConstructor.invoke(CachedConstructor.java:83)
	at org.codehaus.groovy.reflection.CachedConstructor.doConstructorInvoke(CachedConstructor.java:77)
	at org.codehaus.groovy.runtime.callsite.ConstructorSite$ConstructorSiteNoUnwrap.callConstructor(ConstructorSite.java:84)
	at org.codehaus.groovy.runtime.callsite.CallSiteArray.defaultCallConstructor(CallSiteArray.java:60)
	at org.codehaus.groovy.runtime.callsite.AbstractCallSite.callConstructor(AbstractCallSite.java:235)
	at org.codehaus.groovy.runtime.callsite.AbstractCallSite.callConstructor(AbstractCallSite.java:247)
	at io.restassured.internal.ResponseSpecificationImpl$HamcrestAssertionClosure.validate(ResponseSpecificationImpl.groovy:471)
	at io.restassured.internal.ResponseSpecificationImpl$HamcrestAssertionClosure$validate$15.call(Unknown Source)
	at io.restassured.internal.ResponseSpecificationImpl.validateResponseIfRequired(ResponseSpecificationImpl.groovy:636)
	at sun.reflect.NativeMethodAccessorImpl.invoke0(Native Method)
	at sun.reflect.NativeMethodAccessorImpl.invoke(NativeMethodAccessorImpl.java:62)
	at sun.reflect.DelegatingMethodAccessorImpl.invoke(DelegatingMethodAccessorImpl.java:43)
	at java.lang.reflect.Method.invoke(Method.java:498)
	at org.codehaus.groovy.runtime.callsite.PogoMetaMethodSite$PogoCachedMethodSiteNoUnwrapNoCoerce.invoke(PogoMetaMethodSite.java:210)
	at org.codehaus.groovy.runtime.callsite.PogoMetaMethodSite.callCurrent(PogoMetaMethodSite.java:59)
	at org.codehaus.groovy.runtime.callsite.CallSiteArray.defaultCallCurrent(CallSiteArray.java:52)
	at org.codehaus.groovy.runtime.callsite.AbstractCallSite.callCurrent(AbstractCallSite.java:154)
	at org.codehaus.groovy.runtime.callsite.AbstractCallSite.callCurrent(AbstractCallSite.java:166)
	at io.restassured.internal.ResponseSpecificationImpl.statusCode(ResponseSpecificationImpl.groovy:122)
	at io.restassured.specification.ResponseSpecification$statusCode$13.callCurrent(Unknown Source)
	at org.codehaus.groovy.runtime.callsite.CallSiteArray.defaultCallCurrent(CallSiteArray.java:52)
	at org.codehaus.groovy.runtime.callsite.AbstractCallSite.callCurrent(AbstractCallSite.java:154)
	at org.codehaus.groovy.runtime.callsite.AbstractCallSite.callCurrent(AbstractCallSite.java:166)
	at io.restassured.internal.ResponseSpecificationImpl.statusCode(ResponseSpecificationImpl.groovy:130)
	at io.restassured.internal.ValidatableResponseOptionsImpl.statusCode(ValidatableResponseOptionsImpl.java:117)
	at com.bestbuy.bestbuyinfo.CreateProductDataDrivenTest.createMultipleProducts(CreateProductDataDrivenTest.java:35)
]]></failure>
  </testcase>
  <testcase name="createMultipleProducts[4]" classname="com.bestbuy.bestbuyinfo.CreateProductDataDrivenTest" time="5.962">
    <failure message="1 expectation failed.&#10;Expected status code &lt;201&gt; but was &lt;404&gt;.&#10;" type="java.lang.AssertionError"><![CDATA[java.lang.AssertionError: 1 expectation failed.
Expected status code <201> but was <404>.

	at sun.reflect.NativeConstructorAccessorImpl.newInstance0(Native Method)
	at sun.reflect.NativeConstructorAccessorImpl.newInstance(NativeConstructorAccessorImpl.java:62)
	at sun.reflect.DelegatingConstructorAccessorImpl.newInstance(DelegatingConstructorAccessorImpl.java:45)
	at java.lang.reflect.Constructor.newInstance(Constructor.java:423)
	at org.codehaus.groovy.reflection.CachedConstructor.invoke(CachedConstructor.java:83)
	at org.codehaus.groovy.reflection.CachedConstructor.doConstructorInvoke(CachedConstructor.java:77)
	at org.codehaus.groovy.runtime.callsite.ConstructorSite$ConstructorSiteNoUnwrap.callConstructor(ConstructorSite.java:84)
	at org.codehaus.groovy.runtime.callsite.CallSiteArray.defaultCallConstructor(CallSiteArray.java:60)
	at org.codehaus.groovy.runtime.callsite.AbstractCallSite.callConstructor(AbstractCallSite.java:235)
	at org.codehaus.groovy.runtime.callsite.AbstractCallSite.callConstructor(AbstractCallSite.java:247)
	at io.restassured.internal.ResponseSpecificationImpl$HamcrestAssertionClosure.validate(ResponseSpecificationImpl.groovy:471)
	at io.restassured.internal.ResponseSpecificationImpl$HamcrestAssertionClosure$validate$15.call(Unknown Source)
	at io.restassured.internal.ResponseSpecificationImpl.validateResponseIfRequired(ResponseSpecificationImpl.groovy:636)
	at sun.reflect.NativeMethodAccessorImpl.invoke0(Native Method)
	at sun.reflect.NativeMethodAccessorImpl.invoke(NativeMethodAccessorImpl.java:62)
	at sun.reflect.DelegatingMethodAccessorImpl.invoke(DelegatingMethodAccessorImpl.java:43)
	at java.lang.reflect.Method.invoke(Method.java:498)
	at org.codehaus.groovy.runtime.callsite.PogoMetaMethodSite$PogoCachedMethodSiteNoUnwrapNoCoerce.invoke(PogoMetaMethodSite.java:210)
	at org.codehaus.groovy.runtime.callsite.PogoMetaMethodSite.callCurrent(PogoMetaMethodSite.java:59)
	at org.codehaus.groovy.runtime.callsite.AbstractCallSite.callCurrent(AbstractCallSite.java:166)
	at org.codehaus.groovy.runtime.callsite.AbstractCallSite.callCurrent(AbstractCallSite.java:164)
	at io.restassured.internal.ResponseSpecificationImpl.statusCode(ResponseSpecificationImpl.groovy:122)
	at io.restassured.specification.ResponseSpecification$statusCode$5.callCurrent(Unknown Source)
	at org.codehaus.groovy.runtime.callsite.CallSiteArray.defaultCallCurrent(CallSiteArray.java:52)
	at org.codehaus.groovy.runtime.callsite.AbstractCallSite.callCurrent(AbstractCallSite.java:154)
	at org.codehaus.groovy.runtime.callsite.AbstractCallSite.callCurrent(AbstractCallSite.java:166)
	at io.restassured.internal.ResponseSpecificationImpl.statusCode(ResponseSpecificationImpl.groovy:130)
	at io.restassured.internal.ValidatableResponseOptionsImpl.statusCode(ValidatableResponseOptionsImpl.java:117)
	at com.bestbuy.bestbuyinfo.CreateProductDataDrivenTest.createMultipleProducts(CreateProductDataDrivenTest.java:35)
]]></failure>
  </testcase>
  <testcase name="createMultipleProducts[13]" classname="com.bestbuy.bestbuyinfo.CreateProductDataDrivenTest" time="5.963">
    <failure message="1 expectation failed.&#10;Expected status code &lt;201&gt; but was &lt;404&gt;.&#10;" type="java.lang.AssertionError"><![CDATA[java.lang.AssertionError: 1 expectation failed.
Expected status code <201> but was <404>.

	at sun.reflect.NativeConstructorAccessorImpl.newInstance0(Native Method)
	at sun.reflect.NativeConstructorAccessorImpl.newInstance(NativeConstructorAccessorImpl.java:62)
	at sun.reflect.DelegatingConstructorAccessorImpl.newInstance(DelegatingConstructorAccessorImpl.java:45)
	at java.lang.reflect.Constructor.newInstance(Constructor.java:423)
	at org.codehaus.groovy.reflection.CachedConstructor.invoke(CachedConstructor.java:83)
	at org.codehaus.groovy.reflection.CachedConstructor.doConstructorInvoke(CachedConstructor.java:77)
	at org.codehaus.groovy.runtime.callsite.ConstructorSite$ConstructorSiteNoUnwrap.callConstructor(ConstructorSite.java:84)
	at org.codehaus.groovy.runtime.callsite.CallSiteArray.defaultCallConstructor(CallSiteArray.java:60)
	at org.codehaus.groovy.runtime.callsite.AbstractCallSite.callConstructor(AbstractCallSite.java:235)
	at org.codehaus.groovy.runtime.callsite.AbstractCallSite.callConstructor(AbstractCallSite.java:247)
	at io.restassured.internal.ResponseSpecificationImpl$HamcrestAssertionClosure.validate(ResponseSpecificationImpl.groovy:471)
	at io.restassured.internal.ResponseSpecificationImpl$HamcrestAssertionClosure$validate$15.call(Unknown Source)
	at io.restassured.internal.ResponseSpecificationImpl.validateResponseIfRequired(ResponseSpecificationImpl.groovy:636)
	at sun.reflect.NativeMethodAccessorImpl.invoke0(Native Method)
	at sun.reflect.NativeMethodAccessorImpl.invoke(NativeMethodAccessorImpl.java:62)
	at sun.reflect.DelegatingMethodAccessorImpl.invoke(DelegatingMethodAccessorImpl.java:43)
	at java.lang.reflect.Method.invoke(Method.java:498)
	at org.codehaus.groovy.runtime.callsite.PogoMetaMethodSite$PogoCachedMethodSiteNoUnwrapNoCoerce.invoke(PogoMetaMethodSite.java:210)
	at org.codehaus.groovy.runtime.callsite.PogoMetaMethodSite.callCurrent(PogoMetaMethodSite.java:59)
	at org.codehaus.groovy.runtime.callsite.AbstractCallSite.callCurrent(AbstractCallSite.java:166)
	at org.codehaus.groovy.runtime.callsite.AbstractCallSite.callCurrent(AbstractCallSite.java:164)
	at io.restassured.internal.ResponseSpecificationImpl.statusCode(ResponseSpecificationImpl.groovy:122)
	at io.restassured.specification.ResponseSpecification$statusCode$19.callCurrent(Unknown Source)
	at org.codehaus.groovy.runtime.callsite.CallSiteArray.defaultCallCurrent(CallSiteArray.java:52)
	at org.codehaus.groovy.runtime.callsite.AbstractCallSite.callCurrent(AbstractCallSite.java:154)
	at org.codehaus.groovy.runtime.callsite.AbstractCallSite.callCurrent(AbstractCallSite.java:166)
	at io.restassured.internal.ResponseSpecificationImpl.statusCode(ResponseSpecificationImpl.groovy:130)
	at io.restassured.internal.ValidatableResponseOptionsImpl.statusCode(ValidatableResponseOptionsImpl.java:117)
	at com.bestbuy.bestbuyinfo.CreateProductDataDrivenTest.createMultipleProducts(CreateProductDataDrivenTest.java:35)
]]></failure>
  </testcase>
  <testcase name="createMultipleProducts[10]" classname="com.bestbuy.bestbuyinfo.CreateProductDataDrivenTest" time="5.964">
    <failure message="1 expectation failed.&#10;Expected status code &lt;201&gt; but was &lt;404&gt;.&#10;" type="java.lang.AssertionError"><![CDATA[java.lang.AssertionError: 1 expectation failed.
Expected status code <201> but was <404>.

	at sun.reflect.NativeConstructorAccessorImpl.newInstance0(Native Method)
	at sun.reflect.NativeConstructorAccessorImpl.newInstance(NativeConstructorAccessorImpl.java:62)
	at sun.reflect.DelegatingConstructorAccessorImpl.newInstance(DelegatingConstructorAccessorImpl.java:45)
	at java.lang.reflect.Constructor.newInstance(Constructor.java:423)
	at org.codehaus.groovy.reflection.CachedConstructor.invoke(CachedConstructor.java:83)
	at org.codehaus.groovy.reflection.CachedConstructor.doConstructorInvoke(CachedConstructor.java:77)
	at org.codehaus.groovy.runtime.callsite.ConstructorSite$ConstructorSiteNoUnwrap.callConstructor(ConstructorSite.java:84)
	at org.codehaus.groovy.runtime.callsite.CallSiteArray.defaultCallConstructor(CallSiteArray.java:60)
	at org.codehaus.groovy.runtime.callsite.AbstractCallSite.callConstructor(AbstractCallSite.java:235)
	at org.codehaus.groovy.runtime.callsite.AbstractCallSite.callConstructor(AbstractCallSite.java:247)
	at io.restassured.internal.ResponseSpecificationImpl$HamcrestAssertionClosure.validate(ResponseSpecificationImpl.groovy:471)
	at io.restassured.internal.ResponseSpecificationImpl$HamcrestAssertionClosure$validate$15.call(Unknown Source)
	at io.restassured.internal.ResponseSpecificationImpl.validateResponseIfRequired(ResponseSpecificationImpl.groovy:636)
	at sun.reflect.NativeMethodAccessorImpl.invoke0(Native Method)
	at sun.reflect.NativeMethodAccessorImpl.invoke(NativeMethodAccessorImpl.java:62)
	at sun.reflect.DelegatingMethodAccessorImpl.invoke(DelegatingMethodAccessorImpl.java:43)
	at java.lang.reflect.Method.invoke(Method.java:498)
	at org.codehaus.groovy.runtime.callsite.PogoMetaMethodSite$PogoCachedMethodSiteNoUnwrapNoCoerce.invoke(PogoMetaMethodSite.java:210)
	at org.codehaus.groovy.runtime.callsite.PogoMetaMethodSite.callCurrent(PogoMetaMethodSite.java:59)
	at org.codehaus.groovy.runtime.callsite.AbstractCallSite.callCurrent(AbstractCallSite.java:166)
	at org.codehaus.groovy.runtime.callsite.AbstractCallSite.callCurrent(AbstractCallSite.java:164)
	at io.restassured.internal.ResponseSpecificationImpl.statusCode(ResponseSpecificationImpl.groovy:122)
	at io.restassured.specification.ResponseSpecification$statusCode$11.callCurrent(Unknown Source)
	at org.codehaus.groovy.runtime.callsite.CallSiteArray.defaultCallCurrent(CallSiteArray.java:52)
	at org.codehaus.groovy.runtime.callsite.AbstractCallSite.callCurrent(AbstractCallSite.java:154)
	at org.codehaus.groovy.runtime.callsite.AbstractCallSite.callCurrent(AbstractCallSite.java:166)
	at io.restassured.internal.ResponseSpecificationImpl.statusCode(ResponseSpecificationImpl.groovy:130)
	at io.restassured.internal.ValidatableResponseOptionsImpl.statusCode(ValidatableResponseOptionsImpl.java:117)
	at com.bestbuy.bestbuyinfo.CreateProductDataDrivenTest.createMultipleProducts(CreateProductDataDrivenTest.java:35)
]]></failure>
  </testcase>
  <testcase name="createMultipleProducts[5]" classname="com.bestbuy.bestbuyinfo.CreateProductDataDrivenTest" time="5.965">
    <failure message="1 expectation failed.&#10;Expected status code &lt;201&gt; but was &lt;404&gt;.&#10;" type="java.lang.AssertionError"><![CDATA[java.lang.AssertionError: 1 expectation failed.
Expected status code <201> but was <404>.

	at sun.reflect.NativeConstructorAccessorImpl.newInstance0(Native Method)
	at sun.reflect.NativeConstructorAccessorImpl.newInstance(NativeConstructorAccessorImpl.java:62)
	at sun.reflect.DelegatingConstructorAccessorImpl.newInstance(DelegatingConstructorAccessorImpl.java:45)
	at java.lang.reflect.Constructor.newInstance(Constructor.java:423)
	at org.codehaus.groovy.reflection.CachedConstructor.invoke(CachedConstructor.java:83)
	at org.codehaus.groovy.reflection.CachedConstructor.doConstructorInvoke(CachedConstructor.java:77)
	at org.codehaus.groovy.runtime.callsite.ConstructorSite$ConstructorSiteNoUnwrap.callConstructor(ConstructorSite.java:84)
	at org.codehaus.groovy.runtime.callsite.CallSiteArray.defaultCallConstructor(CallSiteArray.java:60)
	at org.codehaus.groovy.runtime.callsite.AbstractCallSite.callConstructor(AbstractCallSite.java:235)
	at org.codehaus.groovy.runtime.callsite.AbstractCallSite.callConstructor(AbstractCallSite.java:247)
	at io.restassured.internal.ResponseSpecificationImpl$HamcrestAssertionClosure.validate(ResponseSpecificationImpl.groovy:471)
	at io.restassured.internal.ResponseSpecificationImpl$HamcrestAssertionClosure$validate$15.call(Unknown Source)
	at org.codehaus.groovy.runtime.callsite.CallSiteArray.defaultCall(CallSiteArray.java:48)
	at org.codehaus.groovy.runtime.callsite.AbstractCallSite.call(AbstractCallSite.java:113)
	at org.codehaus.groovy.runtime.callsite.AbstractCallSite.call(AbstractCallSite.java:125)
	at io.restassured.internal.ResponseSpecificationImpl.validateResponseIfRequired(ResponseSpecificationImpl.groovy:636)
	at sun.reflect.NativeMethodAccessorImpl.invoke0(Native Method)
	at sun.reflect.NativeMethodAccessorImpl.invoke(NativeMethodAccessorImpl.java:62)
	at sun.reflect.DelegatingMethodAccessorImpl.invoke(DelegatingMethodAccessorImpl.java:43)
	at java.lang.reflect.Method.invoke(Method.java:498)
	at org.codehaus.groovy.runtime.callsite.PogoMetaMethodSite$PogoCachedMethodSiteNoUnwrapNoCoerce.invoke(PogoMetaMethodSite.java:210)
	at org.codehaus.groovy.runtime.callsite.PogoMetaMethodSite.callCurrent(PogoMetaMethodSite.java:59)
	at org.codehaus.groovy.runtime.callsite.AbstractCallSite.callCurrent(AbstractCallSite.java:166)
	at org.codehaus.groovy.runtime.callsite.AbstractCallSite.callCurrent(AbstractCallSite.java:164)
	at io.restassured.internal.ResponseSpecificationImpl.statusCode(ResponseSpecificationImpl.groovy:122)
	at io.restassured.specification.ResponseSpecification$statusCode$15.callCurrent(Unknown Source)
	at org.codehaus.groovy.runtime.callsite.CallSiteArray.defaultCallCurrent(CallSiteArray.java:52)
	at org.codehaus.groovy.runtime.callsite.AbstractCallSite.callCurrent(AbstractCallSite.java:154)
	at org.codehaus.groovy.runtime.callsite.AbstractCallSite.callCurrent(AbstractCallSite.java:166)
	at io.restassured.internal.ResponseSpecificationImpl.statusCode(ResponseSpecificationImpl.groovy:130)
	at io.restassured.internal.ValidatableResponseOptionsImpl.statusCode(ValidatableResponseOptionsImpl.java:117)
	at com.bestbuy.bestbuyinfo.CreateProductDataDrivenTest.createMultipleProducts(CreateProductDataDrivenTest.java:35)
]]></failure>
  </testcase>
  <testcase name="createMultipleProducts[9]" classname="com.bestbuy.bestbuyinfo.CreateProductDataDrivenTest" time="5.966">
    <failure message="1 expectation failed.&#10;Expected status code &lt;201&gt; but was &lt;404&gt;.&#10;" type="java.lang.AssertionError"><![CDATA[java.lang.AssertionError: 1 expectation failed.
Expected status code <201> but was <404>.

	at sun.reflect.NativeConstructorAccessorImpl.newInstance0(Native Method)
	at sun.reflect.NativeConstructorAccessorImpl.newInstance(NativeConstructorAccessorImpl.java:62)
	at sun.reflect.DelegatingConstructorAccessorImpl.newInstance(DelegatingConstructorAccessorImpl.java:45)
	at java.lang.reflect.Constructor.newInstance(Constructor.java:423)
	at org.codehaus.groovy.reflection.CachedConstructor.invoke(CachedConstructor.java:83)
	at org.codehaus.groovy.reflection.CachedConstructor.doConstructorInvoke(CachedConstructor.java:77)
	at org.codehaus.groovy.runtime.callsite.ConstructorSite$ConstructorSiteNoUnwrap.callConstructor(ConstructorSite.java:84)
	at org.codehaus.groovy.runtime.callsite.CallSiteArray.defaultCallConstructor(CallSiteArray.java:60)
	at org.codehaus.groovy.runtime.callsite.AbstractCallSite.callConstructor(AbstractCallSite.java:235)
	at org.codehaus.groovy.runtime.callsite.AbstractCallSite.callConstructor(AbstractCallSite.java:247)
	at io.restassured.internal.ResponseSpecificationImpl$HamcrestAssertionClosure.validate(ResponseSpecificationImpl.groovy:471)
	at io.restassured.internal.ResponseSpecificationImpl$HamcrestAssertionClosure$validate$15.call(Unknown Source)
	at io.restassured.internal.ResponseSpecificationImpl.validateResponseIfRequired(ResponseSpecificationImpl.groovy:636)
	at sun.reflect.NativeMethodAccessorImpl.invoke0(Native Method)
	at sun.reflect.NativeMethodAccessorImpl.invoke(NativeMethodAccessorImpl.java:62)
	at sun.reflect.DelegatingMethodAccessorImpl.invoke(DelegatingMethodAccessorImpl.java:43)
	at java.lang.reflect.Method.invoke(Method.java:498)
	at org.codehaus.groovy.runtime.callsite.PogoMetaMethodSite$PogoCachedMethodSiteNoUnwrapNoCoerce.invoke(PogoMetaMethodSite.java:210)
	at org.codehaus.groovy.runtime.callsite.PogoMetaMethodSite.callCurrent(PogoMetaMethodSite.java:59)
	at org.codehaus.groovy.runtime.callsite.AbstractCallSite.callCurrent(AbstractCallSite.java:166)
	at org.codehaus.groovy.runtime.callsite.AbstractCallSite.callCurrent(AbstractCallSite.java:164)
	at io.restassured.internal.ResponseSpecificationImpl.statusCode(ResponseSpecificationImpl.groovy:122)
	at io.restassured.specification.ResponseSpecification$statusCode$7.callCurrent(Unknown Source)
	at org.codehaus.groovy.runtime.callsite.CallSiteArray.defaultCallCurrent(CallSiteArray.java:52)
	at org.codehaus.groovy.runtime.callsite.AbstractCallSite.callCurrent(AbstractCallSite.java:154)
	at org.codehaus.groovy.runtime.callsite.AbstractCallSite.callCurrent(AbstractCallSite.java:166)
	at io.restassured.internal.ResponseSpecificationImpl.statusCode(ResponseSpecificationImpl.groovy:130)
	at io.restassured.internal.ValidatableResponseOptionsImpl.statusCode(ValidatableResponseOptionsImpl.java:117)
	at com.bestbuy.bestbuyinfo.CreateProductDataDrivenTest.createMultipleProducts(CreateProductDataDrivenTest.java:35)
]]></failure>
  </testcase>
  <testcase name="createMultipleProducts[1]" classname="com.bestbuy.bestbuyinfo.CreateProductDataDrivenTest" time="5.967">
    <failure message="1 expectation failed.&#10;Expected status code &lt;201&gt; but was &lt;404&gt;.&#10;" type="java.lang.AssertionError"><![CDATA[java.lang.AssertionError: 1 expectation failed.
Expected status code <201> but was <404>.

	at sun.reflect.NativeConstructorAccessorImpl.newInstance0(Native Method)
	at sun.reflect.NativeConstructorAccessorImpl.newInstance(NativeConstructorAccessorImpl.java:62)
	at sun.reflect.DelegatingConstructorAccessorImpl.newInstance(DelegatingConstructorAccessorImpl.java:45)
	at java.lang.reflect.Constructor.newInstance(Constructor.java:423)
	at org.codehaus.groovy.reflection.CachedConstructor.invoke(CachedConstructor.java:83)
	at org.codehaus.groovy.reflection.CachedConstructor.doConstructorInvoke(CachedConstructor.java:77)
	at org.codehaus.groovy.runtime.callsite.ConstructorSite$ConstructorSiteNoUnwrap.callConstructor(ConstructorSite.java:84)
	at org.codehaus.groovy.runtime.callsite.CallSiteArray.defaultCallConstructor(CallSiteArray.java:60)
	at org.codehaus.groovy.runtime.callsite.AbstractCallSite.callConstructor(AbstractCallSite.java:235)
	at org.codehaus.groovy.runtime.callsite.AbstractCallSite.callConstructor(AbstractCallSite.java:247)
	at io.restassured.internal.ResponseSpecificationImpl$HamcrestAssertionClosure.validate(ResponseSpecificationImpl.groovy:471)
	at io.restassured.internal.ResponseSpecificationImpl$HamcrestAssertionClosure$validate$15.call(Unknown Source)
	at io.restassured.internal.ResponseSpecificationImpl.validateResponseIfRequired(ResponseSpecificationImpl.groovy:636)
	at sun.reflect.NativeMethodAccessorImpl.invoke0(Native Method)
	at sun.reflect.NativeMethodAccessorImpl.invoke(NativeMethodAccessorImpl.java:62)
	at sun.reflect.DelegatingMethodAccessorImpl.invoke(DelegatingMethodAccessorImpl.java:43)
	at java.lang.reflect.Method.invoke(Method.java:498)
	at org.codehaus.groovy.runtime.callsite.PogoMetaMethodSite$PogoCachedMethodSiteNoUnwrapNoCoerce.invoke(PogoMetaMethodSite.java:210)
	at org.codehaus.groovy.runtime.callsite.PogoMetaMethodSite.callCurrent(PogoMetaMethodSite.java:59)
	at org.codehaus.groovy.runtime.callsite.AbstractCallSite.callCurrent(AbstractCallSite.java:166)
	at org.codehaus.groovy.runtime.callsite.AbstractCallSite.callCurrent(AbstractCallSite.java:164)
	at io.restassured.internal.ResponseSpecificationImpl.statusCode(ResponseSpecificationImpl.groovy:122)
	at io.restassured.specification.ResponseSpecification$statusCode$9.callCurrent(Unknown Source)
	at org.codehaus.groovy.runtime.callsite.CallSiteArray.defaultCallCurrent(CallSiteArray.java:52)
	at org.codehaus.groovy.runtime.callsite.AbstractCallSite.callCurrent(AbstractCallSite.java:154)
	at org.codehaus.groovy.runtime.callsite.AbstractCallSite.callCurrent(AbstractCallSite.java:166)
	at io.restassured.internal.ResponseSpecificationImpl.statusCode(ResponseSpecificationImpl.groovy:130)
	at io.restassured.internal.ValidatableResponseOptionsImpl.statusCode(ValidatableResponseOptionsImpl.java:117)
	at com.bestbuy.bestbuyinfo.CreateProductDataDrivenTest.createMultipleProducts(CreateProductDataDrivenTest.java:35)
]]></failure>
  </testcase>
  <testcase name="createMultipleProducts[11]" classname="com.bestbuy.bestbuyinfo.CreateProductDataDrivenTest" time="5.968">
    <failure message="1 expectation failed.&#10;Expected status code &lt;201&gt; but was &lt;404&gt;.&#10;" type="java.lang.AssertionError"><![CDATA[java.lang.AssertionError: 1 expectation failed.
Expected status code <201> but was <404>.

	at sun.reflect.NativeConstructorAccessorImpl.newInstance0(Native Method)
	at sun.reflect.NativeConstructorAccessorImpl.newInstance(NativeConstructorAccessorImpl.java:62)
	at sun.reflect.DelegatingConstructorAccessorImpl.newInstance(DelegatingConstructorAccessorImpl.java:45)
	at java.lang.reflect.Constructor.newInstance(Constructor.java:423)
	at org.codehaus.groovy.reflection.CachedConstructor.invoke(CachedConstructor.java:83)
	at org.codehaus.groovy.reflection.CachedConstructor.doConstructorInvoke(CachedConstructor.java:77)
	at org.codehaus.groovy.runtime.callsite.ConstructorSite$ConstructorSiteNoUnwrap.callConstructor(ConstructorSite.java:84)
	at org.codehaus.groovy.runtime.callsite.CallSiteArray.defaultCallConstructor(CallSiteArray.java:60)
	at org.codehaus.groovy.runtime.callsite.AbstractCallSite.callConstructor(AbstractCallSite.java:235)
	at org.codehaus.groovy.runtime.callsite.AbstractCallSite.callConstructor(AbstractCallSite.java:247)
	at io.restassured.internal.ResponseSpecificationImpl$HamcrestAssertionClosure.validate(ResponseSpecificationImpl.groovy:471)
	at io.restassured.internal.ResponseSpecificationImpl$HamcrestAssertionClosure$validate$15.call(Unknown Source)
	at io.restassured.internal.ResponseSpecificationImpl.validateResponseIfRequired(ResponseSpecificationImpl.groovy:636)
	at sun.reflect.NativeMethodAccessorImpl.invoke0(Native Method)
	at sun.reflect.NativeMethodAccessorImpl.invoke(NativeMethodAccessorImpl.java:62)
	at sun.reflect.DelegatingMethodAccessorImpl.invoke(DelegatingMethodAccessorImpl.java:43)
	at java.lang.reflect.Method.invoke(Method.java:498)
	at org.codehaus.groovy.runtime.callsite.PogoMetaMethodSite$PogoCachedMethodSiteNoUnwrapNoCoerce.invoke(PogoMetaMethodSite.java:210)
	at org.codehaus.groovy.runtime.callsite.PogoMetaMethodSite.callCurrent(PogoMetaMethodSite.java:59)
	at org.codehaus.groovy.runtime.callsite.AbstractCallSite.callCurrent(AbstractCallSite.java:166)
	at org.codehaus.groovy.runtime.callsite.AbstractCallSite.callCurrent(AbstractCallSite.java:164)
	at io.restassured.internal.ResponseSpecificationImpl.statusCode(ResponseSpecificationImpl.groovy:122)
	at io.restassured.specification.ResponseSpecification$statusCode$17.callCurrent(Unknown Source)
	at org.codehaus.groovy.runtime.callsite.CallSiteArray.defaultCallCurrent(CallSiteArray.java:52)
	at org.codehaus.groovy.runtime.callsite.AbstractCallSite.callCurrent(AbstractCallSite.java:154)
	at org.codehaus.groovy.runtime.callsite.AbstractCallSite.callCurrent(AbstractCallSite.java:166)
	at io.restassured.internal.ResponseSpecificationImpl.statusCode(ResponseSpecificationImpl.groovy:130)
	at io.restassured.internal.ValidatableResponseOptionsImpl.statusCode(ValidatableResponseOptionsImpl.java:117)
	at com.bestbuy.bestbuyinfo.CreateProductDataDrivenTest.createMultipleProducts(CreateProductDataDrivenTest.java:35)
]]></failure>
  </testcase>
  <testcase name="createMultipleProducts[14]" classname="com.bestbuy.bestbuyinfo.CreateProductDataDrivenTest" time="5.968">
    <failure message="1 expectation failed.&#10;Expected status code &lt;201&gt; but was &lt;404&gt;.&#10;" type="java.lang.AssertionError"><![CDATA[java.lang.AssertionError: 1 expectation failed.
Expected status code <201> but was <404>.

	at sun.reflect.NativeConstructorAccessorImpl.newInstance0(Native Method)
	at sun.reflect.NativeConstructorAccessorImpl.newInstance(NativeConstructorAccessorImpl.java:62)
	at sun.reflect.DelegatingConstructorAccessorImpl.newInstance(DelegatingConstructorAccessorImpl.java:45)
	at java.lang.reflect.Constructor.newInstance(Constructor.java:423)
	at org.codehaus.groovy.reflection.CachedConstructor.invoke(CachedConstructor.java:83)
	at org.codehaus.groovy.reflection.CachedConstructor.doConstructorInvoke(CachedConstructor.java:77)
	at org.codehaus.groovy.runtime.callsite.ConstructorSite$ConstructorSiteNoUnwrap.callConstructor(ConstructorSite.java:84)
	at org.codehaus.groovy.runtime.callsite.CallSiteArray.defaultCallConstructor(CallSiteArray.java:60)
	at org.codehaus.groovy.runtime.callsite.AbstractCallSite.callConstructor(AbstractCallSite.java:235)
	at org.codehaus.groovy.runtime.callsite.AbstractCallSite.callConstructor(AbstractCallSite.java:247)
	at io.restassured.internal.ResponseSpecificationImpl$HamcrestAssertionClosure.validate(ResponseSpecificationImpl.groovy:471)
	at io.restassured.internal.ResponseSpecificationImpl$HamcrestAssertionClosure$validate$15.call(Unknown Source)
	at io.restassured.internal.ResponseSpecificationImpl.validateResponseIfRequired(ResponseSpecificationImpl.groovy:636)
	at sun.reflect.NativeMethodAccessorImpl.invoke0(Native Method)
	at sun.reflect.NativeMethodAccessorImpl.invoke(NativeMethodAccessorImpl.java:62)
	at sun.reflect.DelegatingMethodAccessorImpl.invoke(DelegatingMethodAccessorImpl.java:43)
	at java.lang.reflect.Method.invoke(Method.java:498)
	at org.codehaus.groovy.runtime.callsite.PogoMetaMethodSite$PogoCachedMethodSiteNoUnwrapNoCoerce.invoke(PogoMetaMethodSite.java:210)
	at org.codehaus.groovy.runtime.callsite.PogoMetaMethodSite.callCurrent(PogoMetaMethodSite.java:59)
	at org.codehaus.groovy.runtime.callsite.AbstractCallSite.callCurrent(AbstractCallSite.java:166)
	at org.codehaus.groovy.runtime.callsite.AbstractCallSite.callCurrent(AbstractCallSite.java:164)
	at io.restassured.internal.ResponseSpecificationImpl.statusCode(ResponseSpecificationImpl.groovy:122)
	at io.restassured.specification.ResponseSpecification$statusCode$12.callCurrent(Unknown Source)
	at org.codehaus.groovy.runtime.callsite.CallSiteArray.defaultCallCurrent(CallSiteArray.java:52)
	at org.codehaus.groovy.runtime.callsite.AbstractCallSite.callCurrent(AbstractCallSite.java:154)
	at org.codehaus.groovy.runtime.callsite.AbstractCallSite.callCurrent(AbstractCallSite.java:166)
	at io.restassured.internal.ResponseSpecificationImpl.statusCode(ResponseSpecificationImpl.groovy:130)
	at io.restassured.internal.ValidatableResponseOptionsImpl.statusCode(ValidatableResponseOptionsImpl.java:117)
	at com.bestbuy.bestbuyinfo.CreateProductDataDrivenTest.createMultipleProducts(CreateProductDataDrivenTest.java:35)
]]></failure>
  </testcase>
  <testcase name="createMultipleProducts[12]" classname="com.bestbuy.bestbuyinfo.CreateProductDataDrivenTest" time="5.969">
    <failure message="1 expectation failed.&#10;Expected status code &lt;201&gt; but was &lt;404&gt;.&#10;" type="java.lang.AssertionError"><![CDATA[java.lang.AssertionError: 1 expectation failed.
Expected status code <201> but was <404>.

	at sun.reflect.NativeConstructorAccessorImpl.newInstance0(Native Method)
	at sun.reflect.NativeConstructorAccessorImpl.newInstance(NativeConstructorAccessorImpl.java:62)
	at sun.reflect.DelegatingConstructorAccessorImpl.newInstance(DelegatingConstructorAccessorImpl.java:45)
	at java.lang.reflect.Constructor.newInstance(Constructor.java:423)
	at org.codehaus.groovy.reflection.CachedConstructor.invoke(CachedConstructor.java:83)
	at org.codehaus.groovy.reflection.CachedConstructor.doConstructorInvoke(CachedConstructor.java:77)
	at org.codehaus.groovy.runtime.callsite.ConstructorSite$ConstructorSiteNoUnwrap.callConstructor(ConstructorSite.java:84)
	at org.codehaus.groovy.runtime.callsite.CallSiteArray.defaultCallConstructor(CallSiteArray.java:60)
	at org.codehaus.groovy.runtime.callsite.AbstractCallSite.callConstructor(AbstractCallSite.java:235)
	at org.codehaus.groovy.runtime.callsite.AbstractCallSite.callConstructor(AbstractCallSite.java:247)
	at io.restassured.internal.ResponseSpecificationImpl$HamcrestAssertionClosure.validate(ResponseSpecificationImpl.groovy:471)
	at io.restassured.internal.ResponseSpecificationImpl$HamcrestAssertionClosure$validate$15.call(Unknown Source)
	at org.codehaus.groovy.runtime.callsite.CallSiteArray.defaultCall(CallSiteArray.java:48)
	at org.codehaus.groovy.runtime.callsite.AbstractCallSite.call(AbstractCallSite.java:113)
	at org.codehaus.groovy.runtime.callsite.AbstractCallSite.call(AbstractCallSite.java:125)
	at io.restassured.internal.ResponseSpecificationImpl.validateResponseIfRequired(ResponseSpecificationImpl.groovy:636)
	at sun.reflect.NativeMethodAccessorImpl.invoke0(Native Method)
	at sun.reflect.NativeMethodAccessorImpl.invoke(NativeMethodAccessorImpl.java:62)
	at sun.reflect.DelegatingMethodAccessorImpl.invoke(DelegatingMethodAccessorImpl.java:43)
	at java.lang.reflect.Method.invoke(Method.java:498)
	at org.codehaus.groovy.runtime.callsite.PogoMetaMethodSite$PogoCachedMethodSiteNoUnwrapNoCoerce.invoke(PogoMetaMethodSite.java:210)
	at org.codehaus.groovy.runtime.callsite.PogoMetaMethodSite.callCurrent(PogoMetaMethodSite.java:59)
	at org.codehaus.groovy.runtime.callsite.CallSiteArray.defaultCallCurrent(CallSiteArray.java:52)
	at org.codehaus.groovy.runtime.callsite.AbstractCallSite.callCurrent(AbstractCallSite.java:154)
	at org.codehaus.groovy.runtime.callsite.AbstractCallSite.callCurrent(AbstractCallSite.java:166)
	at io.restassured.internal.ResponseSpecificationImpl.statusCode(ResponseSpecificationImpl.groovy:122)
	at io.restassured.specification.ResponseSpecification$statusCode$8.callCurrent(Unknown Source)
	at org.codehaus.groovy.runtime.callsite.CallSiteArray.defaultCallCurrent(CallSiteArray.java:52)
	at org.codehaus.groovy.runtime.callsite.AbstractCallSite.callCurrent(AbstractCallSite.java:154)
	at org.codehaus.groovy.runtime.callsite.AbstractCallSite.callCurrent(AbstractCallSite.java:166)
	at io.restassured.internal.ResponseSpecificationImpl.statusCode(ResponseSpecificationImpl.groovy:130)
	at io.restassured.internal.ValidatableResponseOptionsImpl.statusCode(ValidatableResponseOptionsImpl.java:117)
	at com.bestbuy.bestbuyinfo.CreateProductDataDrivenTest.createMultipleProducts(CreateProductDataDrivenTest.java:35)
]]></failure>
  </testcase>
  <testcase name="createMultipleProducts[6]" classname="com.bestbuy.bestbuyinfo.CreateProductDataDrivenTest" time="5.97">
    <failure message="1 expectation failed.&#10;Expected status code &lt;201&gt; but was &lt;404&gt;.&#10;" type="java.lang.AssertionError"><![CDATA[java.lang.AssertionError: 1 expectation failed.
Expected status code <201> but was <404>.

	at sun.reflect.NativeConstructorAccessorImpl.newInstance0(Native Method)
	at sun.reflect.NativeConstructorAccessorImpl.newInstance(NativeConstructorAccessorImpl.java:62)
	at sun.reflect.DelegatingConstructorAccessorImpl.newInstance(DelegatingConstructorAccessorImpl.java:45)
	at java.lang.reflect.Constructor.newInstance(Constructor.java:423)
	at org.codehaus.groovy.reflection.CachedConstructor.invoke(CachedConstructor.java:83)
	at org.codehaus.groovy.reflection.CachedConstructor.doConstructorInvoke(CachedConstructor.java:77)
	at org.codehaus.groovy.runtime.callsite.ConstructorSite$ConstructorSiteNoUnwrap.callConstructor(ConstructorSite.java:84)
	at org.codehaus.groovy.runtime.callsite.CallSiteArray.defaultCallConstructor(CallSiteArray.java:60)
	at org.codehaus.groovy.runtime.callsite.AbstractCallSite.callConstructor(AbstractCallSite.java:235)
	at org.codehaus.groovy.runtime.callsite.AbstractCallSite.callConstructor(AbstractCallSite.java:247)
	at io.restassured.internal.ResponseSpecificationImpl$HamcrestAssertionClosure.validate(ResponseSpecificationImpl.groovy:471)
	at io.restassured.internal.ResponseSpecificationImpl$HamcrestAssertionClosure$validate$15.call(Unknown Source)
	at io.restassured.internal.ResponseSpecificationImpl.validateResponseIfRequired(ResponseSpecificationImpl.groovy:636)
	at sun.reflect.NativeMethodAccessorImpl.invoke0(Native Method)
	at sun.reflect.NativeMethodAccessorImpl.invoke(NativeMethodAccessorImpl.java:62)
	at sun.reflect.DelegatingMethodAccessorImpl.invoke(DelegatingMethodAccessorImpl.java:43)
	at java.lang.reflect.Method.invoke(Method.java:498)
	at org.codehaus.groovy.runtime.callsite.PogoMetaMethodSite$PogoCachedMethodSiteNoUnwrapNoCoerce.invoke(PogoMetaMethodSite.java:210)
	at org.codehaus.groovy.runtime.callsite.PogoMetaMethodSite.callCurrent(PogoMetaMethodSite.java:59)
	at org.codehaus.groovy.runtime.callsite.AbstractCallSite.callCurrent(AbstractCallSite.java:166)
	at org.codehaus.groovy.runtime.callsite.AbstractCallSite.callCurrent(AbstractCallSite.java:164)
	at io.restassured.internal.ResponseSpecificationImpl.statusCode(ResponseSpecificationImpl.groovy:122)
	at io.restassured.specification.ResponseSpecification$statusCode$4.callCurrent(Unknown Source)
[...]
  _       / / |_   _| ____/ ___|_   _| |  ___/ \  |_ _| |   | ____|  _ \ 
 (_)_____| |    | | |  _| \___ \ | |   | |_ / _ \  | || |   |  _| | | | |
  _|_____| |    | | | |___ ___) || |   |  _/ ___ \ | || |___| |___| |_| |
 (_)     | |    |_| |_____|____/ |_|   |_|/_/   \_\___|_____|_____|____/ 
          \_\                                                            

TEST FAILED: Data driven test for adding multiple products to the application
--------------------------------------------------------------------------
8040 [CreateProductDataDrivenTest-2-thread-6] ERROR net.serenitybdd.core.Serenity - 1 expectation failed.Expected status code <201> but was <404>.
8046 [CreateProductDataDrivenTest-2-thread-11] ERROR net.serenitybdd.core.Serenity - 
           __  _____ _____ ____ _____   _____ _    ___ _     _____ ____  
  _       / / |_   _| ____/ ___|_   _| |  ___/ \  |_ _| |   | ____|  _ \ 
 (_)_____| |    | | |  _| \___ \ | |   | |_ / _ \  | || |   |  _| | | | |
  _|_____| |    | | | |___ ___) || |   |  _/ ___ \ | || |___| |___| |_| |
 (_)     | |    |_| |_____|____/ |_|   |_|/_/   \_\___|_____|_____|____/ 
          \_\                                                            

TEST FAILED: Data driven test for adding multiple products to the application
--------------------------------------------------------------------------
8047 [CreateProductDataDrivenTest-2-thread-11] ERROR net.serenitybdd.core.Serenity - 1 expectation failed.Expected status code <201> but was <404>.
8053 [CreateProductDataDrivenTest-2-thread-8] INFO net.serenitybdd.core.Serenity - Test Suite Started: Create product data driven test
8054 [CreateProductDataDrivenTest-2-thread-8] INFO net.serenitybdd.core.Serenity - 
 _____ _____ ____ _____   ____ _____  _    ____ _____ _____ ____  
|_   _| ____/ ___|_   _| / ___|_   _|/ \  |  _ \_   _| ____|  _ \ 
  | | |  _| \___ \ | |   \___ \ | | / _ \ | |_) || | |  _| | | | |
  | | | |___ ___) || |    ___) || |/ ___ \|  _ < | | | |___| |_| |
  |_| |_____|____/ |_|   |____/ |_/_/   \_\_| \_\|_| |_____|____/ 
                                                                  

TEST STARTED: createMultipleProducts[17]
-------------------------------------------------------------------
8055 [CreateProductDataDrivenTest-2-thread-8] INFO net.serenitybdd.core.Serenity - TEST NUMBER: 18
8056 [CreateProductDataDrivenTest-2-thread-1] INFO net.serenitybdd.core.Serenity - Test Suite Started: Create product data driven test
8058 [CreateProductDataDrivenTest-2-thread-1] INFO net.serenitybdd.core.Serenity - 
 _____ _____ ____ _____   ____ _____  _    ____ _____ _____ ____  
|_   _| ____/ ___|_   _| / ___|_   _|/ \  |  _ \_   _| ____|  _ \ 
  | | |  _| \___ \ | |   \___ \ | | / _ \ | |_) || | |  _| | | | |
  | | | |___ ___) || |    ___) || |/ ___ \|  _ < | | | |___| |_| |
  |_| |_____|____/ |_|   |____/ |_/_/   \_\_| \_\|_| |_____|____/ 
                                                                  

TEST STARTED: createMultipleProducts[16]
-------------------------------------------------------------------
8058 [CreateProductDataDrivenTest-2-thread-1] INFO net.serenitybdd.core.Serenity - TEST NUMBER: 19
8063 [CreateProductDataDrivenTest-2-thread-9] ERROR net.serenitybdd.core.Serenity - 
           __  _____ _____ ____ _____   _____ _    ___ _     _____ ____  
  _       / / |_   _| ____/ ___|_   _| |  ___/ \  |_ _| |   | ____|  _ \ 
 (_)_____| |    | | |  _| \___ \ | |   | |_ / _ \  | || |   |  _| | | | |
  _|_____| |    | | | |___ ___) || |   |  _/ ___ \ | || |___| |___| |_| |
 (_)     | |    |_| |_____|____/ |_|   |_|/_/   \_\___|_____|_____|____/ 
          \_\                                                            

TEST FAILED: Data driven test for adding multiple products to the application
--------------------------------------------------------------------------
8064 [CreateProductDataDrivenTest-2-thread-9] ERROR net.serenitybdd.core.Serenity - 1 expectation failed.Expected status code <201> but was <404>.
8077 [CreateProductDataDrivenTest-2-thread-16] ERROR net.serenitybdd.core.Serenity - 
           __  _____ _____ ____ _____   _____ _    ___ _     _____ ____  
  _       / / |_   _| ____/ ___|_   _| |  ___/ \  |_ _| |   | ____|  _ \ 
 (_)_____| |    | | |  _| \___ \ | |   | |_ / _ \  | || |   |  _| | | | |
  _|_____| |    | | | |___ ___) || |   |  _/ ___ \ | || |___| |___| |_| |
 (_)     | |    |_| |_____|____/ |_|   |_|/_/   \_\___|_____|_____|____/ 
          \_\                                                            

TEST FAILED: Data driven test for adding multiple products to the application
--------------------------------------------------------------------------
8078 [CreateProductDataDrivenTest-2-thread-16] ERROR net.serenitybdd.core.Serenity - 1 expectation failed.Expected status code <201> but was <404>.
8091 [CreateProductDataDrivenTest-2-thread-3] ERROR net.serenitybdd.core.Serenity - 
           __  _____ _____ ____ _____   _____ _    ___ _     _____ ____  
  _       / / |_   _| ____/ ___|_   _| |  ___/ \  |_ _| |   | ____|  _ \ 
 (_)_____| |    | | |  _| \___ \ | |   | |_ / _ \  | || |   |  _| | | | |
  _|_____| |    | | | |___ ___) || |   |  _/ ___ \ | || |___| |___| |_| |
 (_)     | |    |_| |_____|____/ |_|   |_|/_/   \_\___|_____|_____|____/ 
          \_\                                                            

TEST FAILED: Data driven test for adding multiple products to the application
--------------------------------------------------------------------------
8092 [CreateProductDataDrivenTest-2-thread-3] ERROR net.serenitybdd.core.Serenity - 1 expectation failed.Expected status code <201> but was <404>.
8100 [CreateProductDataDrivenTest-2-thread-5] ERROR net.serenitybdd.core.Serenity - 
           __  _____ _____ ____ _____   _____ _    ___ _     _____ ____  
  _       / / |_   _| ____/ ___|_   _| |  ___/ \  |_ _| |   | ____|  _ \ 
 (_)_____| |    | | |  _| \___ \ | |   | |_ / _ \  | || |   |  _| | | | |
  _|_____| |    | | | |___ ___) || |   |  _/ ___ \ | || |___| |___| |_| |
 (_)     | |    |_| |_____|____/ |_|   |_|/_/   \_\___|_____|_____|____/ 
          \_\                                                            

TEST FAILED: Data driven test for adding multiple products to the application
--------------------------------------------------------------------------
8101 [CreateProductDataDrivenTest-2-thread-5] ERROR net.serenitybdd.core.Serenity - 1 expectation failed.Expected status code <201> but was <404>.
8108 [CreateProductDataDrivenTest-2-thread-10] ERROR net.serenitybdd.core.Serenity - 
           __  _____ _____ ____ _____   _____ _    ___ _     _____ ____  
  _       / / |_   _| ____/ ___|_   _| |  ___/ \  |_ _| |   | ____|  _ \ 
 (_)_____| |    | | |  _| \___ \ | |   | |_ / _ \  | || |   |  _| | | | |
  _|_____| |    | | | |___ ___) || |   |  _/ ___ \ | || |___| |___| |_| |
 (_)     | |    |_| |_____|____/ |_|   |_|/_/   \_\___|_____|_____|____/ 
          \_\                                                            

TEST FAILED: Data driven test for adding multiple products to the application
--------------------------------------------------------------------------
8109 [CreateProductDataDrivenTest-2-thread-10] ERROR net.serenitybdd.core.Serenity - 1 expectation failed.Expected status code <201> but was <404>.
8117 [CreateProductDataDrivenTest-2-thread-2] ERROR net.serenitybdd.core.Serenity - 
           __  _____ _____ ____ _____   _____ _    ___ _     _____ ____  
  _       / / |_   _| ____/ ___|_   _| |  ___/ \  |_ _| |   | ____|  _ \ 
 (_)_____| |    | | |  _| \___ \ | |   | |_ / _ \  | || |   |  _| | | | |
  _|_____| |    | | | |___ ___) || |   |  _/ ___ \ | || |___| |___| |_| |
 (_)     | |    |_| |_____|____/ |_|   |_|/_/   \_\___|_____|_____|____/ 
          \_\                                                            

TEST FAILED: Data driven test for adding multiple products to the application
--------------------------------------------------------------------------
8117 [CreateProductDataDrivenTest-2-thread-2] ERROR net.serenitybdd.core.Serenity - 1 expectation failed.Expected status code <201> but was <404>.
8129 [CreateProductDataDrivenTest-2-thread-15] INFO net.serenitybdd.core.Serenity - Test Suite Started: Create product data driven test
8130 [CreateProductDataDrivenTest-2-thread-15] INFO net.serenitybdd.core.Serenity - 
 _____ _____ ____ _____   ____ _____  _    ____ _____ _____ ____  
|_   _| ____/ ___|_   _| / ___|_   _|/ \  |  _ \_   _| ____|  _ \ 
  | | |  _| \___ \ | |   \___ \ | | / _ \ | |_) || | |  _| | | | |
  | | | |___ ___) || |    ___) || |/ ___ \|  _ < | | | |___| |_| |
  |_| |_____|____/ |_|   |____/ |_/_/   \_\_| \_\|_| |_____|____/ 
                                                                  

TEST STARTED: createMultipleProducts[19]
-------------------------------------------------------------------
8131 [CreateProductDataDrivenTest-2-thread-15] INFO net.serenitybdd.core.Serenity - TEST NUMBER: 20
8140 [CreateProductDataDrivenTest-2-thread-7] ERROR net.serenitybdd.core.Serenity - 
           __  _____ _____ ____ _____   _____ _    ___ _     _____ ____  
  _       / / |_   _| ____/ ___|_   _| |  ___/ \  |_ _| |   | ____|  _ \ 
 (_)_____| |    | | |  _| \___ \ | |   | |_ / _ \  | || |   |  _| | | | |
  _|_____| |    | | | |___ ___) || |   |  _/ ___ \ | || |___| |___| |_| |
 (_)     | |    |_| |_____|____/ |_|   |_|/_/   \_\___|_____|_____|____/ 
          \_\                                                            

TEST FAILED: Data driven test for adding multiple products to the application
--------------------------------------------------------------------------
8141 [CreateProductDataDrivenTest-2-thread-7] ERROR net.serenitybdd.core.Serenity - 1 expectation failed.Expected status code <201> but was <404>.
8150 [CreateProductDataDrivenTest-2-thread-13] ERROR net.serenitybdd.core.Serenity - 
           __  _____ _____ ____ _____   _____ _    ___ _     _____ ____  
  _       / / |_   _| ____/ ___|_   _| |  ___/ \  |_ _| |   | ____|  _ \ 
 (_)_____| |    | | |  _| \___ \ | |   | |_ / _ \  | || |   |  _| | | | |
  _|_____| |    | | | |___ ___) || |   |  _/ ___ \ | || |___| |___| |_| |
 (_)     | |    |_| |_____|____/ |_|   |_|/_/   \_\___|_____|_____|____/ 
          \_\                                                            

TEST FAILED: Data driven test for adding multiple products to the application
--------------------------------------------------------------------------
8151 [CreateProductDataDrivenTest-2-thread-13] ERROR net.serenitybdd.core.Serenity - 1 expectation failed.Expected status code <201> but was <404>.
]]></system-err>
  </testcase>
  <testcase name="createMultipleProducts[16]" classname="com.bestbuy.bestbuyinfo.CreateProductDataDrivenTest" time="0.016">
    <failure message="1 expectation failed.&#10;Expected status code &lt;201&gt; but was &lt;404&gt;.&#10;" type="java.lang.AssertionError"><![CDATA[java.lang.AssertionError: 1 expectation failed.
Expected status code <201> but was <404>.

	at sun.reflect.GeneratedConstructorAccessor140.newInstance(Unknown Source)
	at sun.reflect.DelegatingConstructorAccessorImpl.newInstance(DelegatingConstructorAccessorImpl.java:45)
	at java.lang.reflect.Constructor.newInstance(Constructor.java:423)
	at org.codehaus.groovy.reflection.CachedConstructor.invoke(CachedConstructor.java:83)
	at org.codehaus.groovy.reflection.CachedConstructor.doConstructorInvoke(CachedConstructor.java:77)
	at org.codehaus.groovy.runtime.callsite.ConstructorSite$ConstructorSiteNoUnwrap.callConstructor(ConstructorSite.java:84)
	at org.codehaus.groovy.runtime.callsite.AbstractCallSite.callConstructor(AbstractCallSite.java:247)
	at io.restassured.internal.ResponseSpecificationImpl$HamcrestAssertionClosure.validate(ResponseSpecificationImpl.groovy:471)
	at io.restassured.internal.ResponseSpecificationImpl$HamcrestAssertionClosure$validate$15.call(Unknown Source)
	at io.restassured.internal.ResponseSpecificationImpl.validateResponseIfRequired(ResponseSpecificationImpl.groovy:636)
	at sun.reflect.GeneratedMethodAccessor319.invoke(Unknown Source)
	at sun.reflect.DelegatingMethodAccessorImpl.invoke(DelegatingMethodAccessorImpl.java:43)
	at java.lang.reflect.Method.invoke(Method.java:498)
	at org.codehaus.groovy.runtime.callsite.PogoMetaMethodSite$PogoCachedMethodSiteNoUnwrapNoCoerce.invoke(PogoMetaMethodSite.java:210)
	at org.codehaus.groovy.runtime.callsite.PogoMetaMethodSite.callCurrent(PogoMetaMethodSite.java:59)
	at org.codehaus.groovy.runtime.callsite.AbstractCallSite.callCurrent(AbstractCallSite.java:166)
	at io.restassured.internal.ResponseSpecificationImpl.statusCode(ResponseSpecificationImpl.groovy:122)
	at io.restassured.specification.ResponseSpecification$statusCode$7.callCurrent(Unknown Source)
	at io.restassured.internal.ResponseSpecificationImpl.statusCode(ResponseSpecificationImpl.groovy:130)
	at io.restassured.internal.ValidatableResponseOptionsImpl.statusCode(ValidatableResponseOptionsImpl.java:117)
	at com.bestbuy.bestbuyinfo.CreateProductDataDrivenTest.createMultipleProducts(CreateProductDataDrivenTest.java:35)
]]></failure>
    <system-err><![CDATA[8161 [CreateProductDataDrivenTest-2-thread-14] ERROR net.serenitybdd.core.Serenity - 
           __  _____ _____ ____ _____   _____ _    ___ _     _____ ____  
  _       / / |_   _| ____/ ___|_   _| |  ___/ \  |_ _| |   | ____|  _ \ 
 (_)_____| |    | | |  _| \___ \ | |   | |_ / _ \  | || |   |  _| | | | |
  _|_____| |    | | | |___ ___) || |   |  _/ ___ \ | || |___| |___| |_| |
 (_)     | |    |_| |_____|____/ |_|   |_|/_/   \_\___|_____|_____|____/ 
          \_\                                                            

TEST FAILED: Data driven test for adding multiple products to the application
--------------------------------------------------------------------------
8164 [CreateProductDataDrivenTest-2-thread-14] ERROR net.serenitybdd.core.Serenity - 1 expectation failed.Expected status code <201> but was <404>.
]]></system-err>
  </testcase>
  <testcase name="createMultipleProducts[17]" classname="com.bestbuy.bestbuyinfo.CreateProductDataDrivenTest" time="0.028">
    <failure message="1 expectation failed.&#10;Expected status code &lt;201&gt; but was &lt;404&gt;.&#10;" type="java.lang.AssertionError"><![CDATA[java.lang.AssertionError: 1 expectation failed.
Expected status code <201> but was <404>.

	at sun.reflect.NativeConstructorAccessorImpl.newInstance0(Native Method)
	at sun.reflect.NativeConstructorAccessorImpl.newInstance(NativeConstructorAccessorImpl.java:62)
	at sun.reflect.DelegatingConstructorAccessorImpl.newInstance(DelegatingConstructorAccessorImpl.java:45)
	at java.lang.reflect.Constructor.newInstance(Constructor.java:423)
	at org.codehaus.groovy.reflection.CachedConstructor.invoke(CachedConstructor.java:83)
	at org.codehaus.groovy.reflection.CachedConstructor.doConstructorInvoke(CachedConstructor.java:77)
	at org.codehaus.groovy.runtime.callsite.ConstructorSite$ConstructorSiteNoUnwrap.callConstructor(ConstructorSite.java:84)
	at org.codehaus.groovy.runtime.callsite.AbstractCallSite.callConstructor(AbstractCallSite.java:247)
	at io.restassured.internal.ResponseSpecificationImpl$HamcrestAssertionClosure.validate(ResponseSpecificationImpl.groovy:471)
	at io.restassured.internal.ResponseSpecificationImpl$HamcrestAssertionClosure$validate$15.call(Unknown Source)
	at io.restassured.internal.ResponseSpecificationImpl.validateResponseIfRequired(ResponseSpecificationImpl.groovy:636)
	at sun.reflect.GeneratedMethodAccessor319.invoke(Unknown Source)
	at sun.reflect.DelegatingMethodAccessorImpl.invoke(DelegatingMethodAccessorImpl.java:43)
	at java.lang.reflect.Method.invoke(Method.java:498)
	at org.codehaus.groovy.runtime.callsite.PogoMetaMethodSite$PogoCachedMethodSiteNoUnwrapNoCoerce.invoke(PogoMetaMethodSite.java:210)
	at org.codehaus.groovy.runtime.callsite.PogoMetaMethodSite.callCurrent(PogoMetaMethodSite.java:59)
	at org.codehaus.groovy.runtime.callsite.AbstractCallSite.callCurrent(AbstractCallSite.java:166)
	at io.restassured.internal.ResponseSpecificationImpl.statusCode(ResponseSpecificationImpl.groovy:122)
	at io.restassured.specification.ResponseSpecification$statusCode$7.callCurrent(Unknown Source)
	at io.restassured.internal.ResponseSpecificationImpl.statusCode(ResponseSpecificationImpl.groovy:130)
	at io.restassured.internal.ValidatableResponseOptionsImpl.statusCode(ValidatableResponseOptionsImpl.java:117)
	at com.bestbuy.bestbuyinfo.CreateProductDataDrivenTest.createMultipleProducts(CreateProductDataDrivenTest.java:35)
]]></failure>
    <system-err><![CDATA[8172 [CreateProductDataDrivenTest-2-thread-1] ERROR net.serenitybdd.core.Serenity - 
           __  _____ _____ ____ _____   _____ _    ___ _     _____ ____  
  _       / / |_   _| ____/ ___|_   _| |  ___/ \  |_ _| |   | ____|  _ \ 
 (_)_____| |    | | |  _| \___ \ | |   | |_ / _ \  | || |   |  _| | | | |
  _|_____| |    | | | |___ ___) || |   |  _/ ___ \ | || |___| |___| |_| |
 (_)     | |    |_| |_____|____/ |_|   |_|/_/   \_\___|_____|_____|____/ 
          \_\                                                            

TEST FAILED: Data driven test for adding multiple products to the application
--------------------------------------------------------------------------
8173 [CreateProductDataDrivenTest-2-thread-1] ERROR net.serenitybdd.core.Serenity - 1 expectation failed.Expected status code <201> but was <404>.
]]></system-err>
  </testcase>
  <testcase name="createMultipleProducts[19]" classname="com.bestbuy.bestbuyinfo.CreateProductDataDrivenTest" time="0.028">
    <failure message="1 expectation failed.&#10;Expected status code &lt;201&gt; but was &lt;404&gt;.&#10;" type="java.lang.AssertionError"><![CDATA[java.lang.AssertionError: 1 expectation failed.
Expected status code <201> but was <404>.

	at sun.reflect.GeneratedConstructorAccessor140.newInstance(Unknown Source)
	at sun.reflect.DelegatingConstructorAccessorImpl.newInstance(DelegatingConstructorAccessorImpl.java:45)
	at java.lang.reflect.Constructor.newInstance(Constructor.java:423)
	at org.codehaus.groovy.reflection.CachedConstructor.invoke(CachedConstructor.java:83)
	at org.codehaus.groovy.reflection.CachedConstructor.doConstructorInvoke(CachedConstructor.java:77)
	at org.codehaus.groovy.runtime.callsite.ConstructorSite$ConstructorSiteNoUnwrap.callConstructor(ConstructorSite.java:84)
	at org.codehaus.groovy.runtime.callsite.AbstractCallSite.callConstructor(AbstractCallSite.java:247)
	at io.restassured.internal.ResponseSpecificationImpl$HamcrestAssertionClosure.validate(ResponseSpecificationImpl.groovy:471)
	at io.restassured.internal.ResponseSpecificationImpl$HamcrestAssertionClosure$validate$15.call(Unknown Source)
	at io.restassured.internal.ResponseSpecificationImpl.validateResponseIfRequired(ResponseSpecificationImpl.groovy:636)
	at sun.reflect.GeneratedMethodAccessor319.invoke(Unknown Source)
	at sun.reflect.DelegatingMethodAccessorImpl.invoke(DelegatingMethodAccessorImpl.java:43)
	at java.lang.reflect.Method.invoke(Method.java:498)
	at org.codehaus.groovy.runtime.callsite.PogoMetaMethodSite$PogoCachedMethodSiteNoUnwrapNoCoerce.invoke(PogoMetaMethodSite.java:210)
	at org.codehaus.groovy.runtime.callsite.PogoMetaMethodSite.callCurrent(PogoMetaMethodSite.java:59)
	at org.codehaus.groovy.runtime.callsite.AbstractCallSite.callCurrent(AbstractCallSite.java:166)
	at io.restassured.internal.ResponseSpecificationImpl.statusCode(ResponseSpecificationImpl.groovy:122)
	at io.restassured.specification.ResponseSpecification$statusCode$7.callCurrent(Unknown Source)
	at io.restassured.internal.ResponseSpecificationImpl.statusCode(ResponseSpecificationImpl.groovy:130)
	at io.restassured.internal.ValidatableResponseOptionsImpl.statusCode(ValidatableResponseOptionsImpl.java:117)
	at com.bestbuy.bestbuyinfo.CreateProductDataDrivenTest.createMultipleProducts(CreateProductDataDrivenTest.java:35)
]]></failure>
  </testcase>
</testsuite>